2023-05-08 10:53:31,253 [INFO] Activator:178 - 


2023-05-08 10:53:31,253 [INFO] Activator:179 - !SESSION log4j initialized
2023-05-08 10:53:43,453 [INFO] ApplicationProperties:181 - Using Application install path: C:\ST\STM32CubeIDE_1.4.0\STM32CubeIDE\plugins\com.st.stm32cube.common.mx_6.0.0.202007160824
2023-05-08 10:53:43,469 [INFO] DbMcusXml:70 - Set database path to: C:\ST\STM32CubeIDE_1.4.0\STM32CubeIDE\plugins\com.st.stm32cube.common.mx_6.0.0.202007160824\\db\/mcu/
2023-05-08 10:53:43,473 [INFO] DbBoardsPdsc:56 - Set plugin database path to: C:\ST\STM32CubeIDE_1.4.0\STM32CubeIDE\plugins\com.st.stm32cube.common.mx_6.0.0.202007160824\\db\/plugins/boardmanager/
2023-05-08 10:53:43,473 [INFO] DbMcus:258 - Set plugin images path to: C:\ST\STM32CubeIDE_1.4.0\STM32CubeIDE\plugins\com.st.stm32cube.common.mx_6.0.0.202007160824\\db\/plugins/mcufinder/images/
2023-05-08 10:53:43,474 [INFO] DbBoards:264 - Set plugin images path to: C:\ST\STM32CubeIDE_1.4.0\STM32CubeIDE\plugins\com.st.stm32cube.common.mx_6.0.0.202007160824\\db\/plugins/mcufinder/images/
2023-05-08 10:53:43,477 [INFO] DbExamples:326 - Set plugin images path to: C:\ST\STM32CubeIDE_1.4.0\STM32CubeIDE\plugins\com.st.stm32cube.common.mx_6.0.0.202007160824\\db\/plugins/mcufinder/images/
2023-05-08 10:53:43,488 [INFO] DbMcusDocs:112 - Set database path to: C:\Users\ARAFA\.stmcufinder\plugins\mcufinder//mcu/
2023-05-08 10:53:43,490 [INFO] DbMcusJson:63 - Set database path to: C:\Users\ARAFA\.stmcufinder\plugins\mcufinder//mcu/
2023-05-08 10:53:43,491 [INFO] DbBoardsDocs:112 - Set database path to: C:\Users\ARAFA\.stmcufinder\plugins\mcufinder//mcu/
2023-05-08 10:53:43,493 [INFO] DbBoardsJson:56 - Set database path to: C:\Users\ARAFA\.stmcufinder\plugins\mcufinder//mcu/
2023-05-08 10:53:43,497 [INFO] CrossReferenceDbSqlite:196 - Set database path to: C:\Users\ARAFA\.stmcufinder\plugins\mcufinder//mcu/cs/
2023-05-08 10:53:43,501 [INFO] DbExamplesSqlite:800 - Set database path to: C:\Users\ARAFA\.stmcufinder\plugins\mcufinder//mcu/
2023-05-08 10:53:43,707 [INFO] RulesReader:52 - Compatibility file has been processed (209 Rules)
2023-05-08 10:53:43,836 [INFO] MicroXplorer:564 - Detected Java Version = 1.8.0_252
2023-05-08 10:53:43,836 [INFO] DbMcusXml:70 - Set database path to: C:\ST\STM32CubeIDE_1.4.0\STM32CubeIDE\plugins\com.st.stm32cube.common.mx_6.0.0.202007160824\\db\/mcu/
2023-05-08 10:53:43,837 [INFO] DbBoardsPdsc:56 - Set plugin database path to: C:\ST\STM32CubeIDE_1.4.0\STM32CubeIDE\plugins\com.st.stm32cube.common.mx_6.0.0.202007160824\\db\/plugins/boardmanager/
2023-05-08 10:53:43,838 [INFO] DbMcus:258 - Set plugin images path to: C:\ST\STM32CubeIDE_1.4.0\STM32CubeIDE\plugins\com.st.stm32cube.common.mx_6.0.0.202007160824\\db\/plugins/mcufinder/images/
2023-05-08 10:53:43,838 [INFO] DbBoards:264 - Set plugin images path to: C:\ST\STM32CubeIDE_1.4.0\STM32CubeIDE\plugins\com.st.stm32cube.common.mx_6.0.0.202007160824\\db\/plugins/mcufinder/images/
2023-05-08 10:53:43,838 [INFO] DbExamples:326 - Set plugin images path to: C:\ST\STM32CubeIDE_1.4.0\STM32CubeIDE\plugins\com.st.stm32cube.common.mx_6.0.0.202007160824\\db\/plugins/mcufinder/images/
2023-05-08 10:53:43,838 [WARN] DbFile:36 - Overriding database path with different value: C:\Users\ARAFA\.stmcufinder\plugins\mcufinder/ => C:\Users\ARAFA\.stmcufinder\plugins\mcufinder
2023-05-08 10:53:43,839 [INFO] DbMcusDocs:112 - Set database path to: C:\Users\ARAFA\.stmcufinder\plugins\mcufinder//mcu/
2023-05-08 10:53:43,839 [WARN] DbFile:36 - Overriding database path with different value: C:\Users\ARAFA\.stmcufinder\plugins\mcufinder/ => C:\Users\ARAFA\.stmcufinder\plugins\mcufinder
2023-05-08 10:53:43,839 [INFO] DbMcusJson:63 - Set database path to: C:\Users\ARAFA\.stmcufinder\plugins\mcufinder//mcu/
2023-05-08 10:53:43,839 [WARN] DbFile:36 - Overriding database path with different value: C:\Users\ARAFA\.stmcufinder\plugins\mcufinder/ => C:\Users\ARAFA\.stmcufinder\plugins\mcufinder
2023-05-08 10:53:43,839 [INFO] DbBoardsDocs:112 - Set database path to: C:\Users\ARAFA\.stmcufinder\plugins\mcufinder//mcu/
2023-05-08 10:53:43,840 [WARN] DbFile:36 - Overriding database path with different value: C:\Users\ARAFA\.stmcufinder\plugins\mcufinder/ => C:\Users\ARAFA\.stmcufinder\plugins\mcufinder
2023-05-08 10:53:43,840 [INFO] DbBoardsJson:56 - Set database path to: C:\Users\ARAFA\.stmcufinder\plugins\mcufinder//mcu/
2023-05-08 10:53:43,840 [WARN] DbFile:36 - Overriding database path with different value: C:\Users\ARAFA\.stmcufinder\plugins\mcufinder/ => C:\Users\ARAFA\.stmcufinder\plugins\mcufinder
2023-05-08 10:53:43,840 [WARN] DbFile:36 - Overriding database path with different value: C:\Users\ARAFA\.stmcufinder\plugins\mcufinder/ => C:\Users\ARAFA\.stmcufinder\plugins\mcufinder
2023-05-08 10:53:43,840 [INFO] CrossReferenceDbSqlite:196 - Set database path to: C:\Users\ARAFA\.stmcufinder\plugins\mcufinder//mcu/cs/
2023-05-08 10:53:43,841 [WARN] DbFile:36 - Overriding database path with different value: C:\Users\ARAFA\.stmcufinder\plugins\mcufinder/ => C:\Users\ARAFA\.stmcufinder\plugins\mcufinder
2023-05-08 10:53:43,841 [INFO] DbExamplesSqlite:800 - Set database path to: C:\Users\ARAFA\.stmcufinder\plugins\mcufinder//mcu/
2023-05-08 10:53:43,923 [INFO] MainPanel:189 - HeapMemory: 268435456
2023-05-08 10:53:44,015 [INFO] DbMcusXml:70 - Set database path to: C:\ST\STM32CubeIDE_1.4.0\STM32CubeIDE\plugins\com.st.stm32cube.common.mx_6.0.0.202007160824\\db\/mcu/
2023-05-08 10:53:44,016 [INFO] DbBoardsPdsc:56 - Set plugin database path to: C:\ST\STM32CubeIDE_1.4.0\STM32CubeIDE\plugins\com.st.stm32cube.common.mx_6.0.0.202007160824\\db\/plugins/boardmanager/
2023-05-08 10:53:44,016 [INFO] DbMcus:258 - Set plugin images path to: C:\ST\STM32CubeIDE_1.4.0\STM32CubeIDE\plugins\com.st.stm32cube.common.mx_6.0.0.202007160824\\db\/plugins/mcufinder/images/
2023-05-08 10:53:44,016 [INFO] DbBoards:264 - Set plugin images path to: C:\ST\STM32CubeIDE_1.4.0\STM32CubeIDE\plugins\com.st.stm32cube.common.mx_6.0.0.202007160824\\db\/plugins/mcufinder/images/
2023-05-08 10:53:44,016 [INFO] DbExamples:326 - Set plugin images path to: C:\ST\STM32CubeIDE_1.4.0\STM32CubeIDE\plugins\com.st.stm32cube.common.mx_6.0.0.202007160824\\db\/plugins/mcufinder/images/
2023-05-08 10:53:44,017 [WARN] DbFile:36 - Overriding database path with different value: C:\Users\ARAFA\.stmcufinder\plugins\mcufinder/ => C:\Users\ARAFA\.stmcufinder\plugins\mcufinder
2023-05-08 10:53:44,018 [INFO] DbMcusDocs:112 - Set database path to: C:\Users\ARAFA\.stmcufinder\plugins\mcufinder//mcu/
2023-05-08 10:53:44,018 [WARN] DbFile:36 - Overriding database path with different value: C:\Users\ARAFA\.stmcufinder\plugins\mcufinder/ => C:\Users\ARAFA\.stmcufinder\plugins\mcufinder
2023-05-08 10:53:44,018 [INFO] DbMcusJson:63 - Set database path to: C:\Users\ARAFA\.stmcufinder\plugins\mcufinder//mcu/
2023-05-08 10:53:44,018 [WARN] DbFile:36 - Overriding database path with different value: C:\Users\ARAFA\.stmcufinder\plugins\mcufinder/ => C:\Users\ARAFA\.stmcufinder\plugins\mcufinder
2023-05-08 10:53:44,018 [INFO] DbBoardsDocs:112 - Set database path to: C:\Users\ARAFA\.stmcufinder\plugins\mcufinder//mcu/
2023-05-08 10:53:44,018 [WARN] DbFile:36 - Overriding database path with different value: C:\Users\ARAFA\.stmcufinder\plugins\mcufinder/ => C:\Users\ARAFA\.stmcufinder\plugins\mcufinder
2023-05-08 10:53:44,019 [INFO] DbBoardsJson:56 - Set database path to: C:\Users\ARAFA\.stmcufinder\plugins\mcufinder//mcu/
2023-05-08 10:53:44,019 [WARN] DbFile:36 - Overriding database path with different value: C:\Users\ARAFA\.stmcufinder\plugins\mcufinder/ => C:\Users\ARAFA\.stmcufinder\plugins\mcufinder
2023-05-08 10:53:44,019 [WARN] DbFile:36 - Overriding database path with different value: C:\Users\ARAFA\.stmcufinder\plugins\mcufinder/ => C:\Users\ARAFA\.stmcufinder\plugins\mcufinder
2023-05-08 10:53:44,019 [INFO] CrossReferenceDbSqlite:196 - Set database path to: C:\Users\ARAFA\.stmcufinder\plugins\mcufinder//mcu/cs/
2023-05-08 10:53:44,019 [WARN] DbFile:36 - Overriding database path with different value: C:\Users\ARAFA\.stmcufinder\plugins\mcufinder/ => C:\Users\ARAFA\.stmcufinder\plugins\mcufinder
2023-05-08 10:53:44,020 [INFO] DbExamplesSqlite:800 - Set database path to: C:\Users\ARAFA\.stmcufinder\plugins\mcufinder//mcu/
2023-05-08 10:53:44,045 [INFO] ApplicationProperties:181 - Using Application install path: C:\ST\STM32CubeIDE_1.4.0\STM32CubeIDE\plugins\com.st.stm32cube.common.mx_6.0.0.202007160824
2023-05-08 10:53:44,047 [INFO] PluginManage:178 - Search for loadable plugins [exclusion list=, ]
2023-05-08 10:53:44,049 [INFO] PluginManage:292 - Check plugin analytics
2023-05-08 10:53:44,235 [INFO] AnalyticsPlugin:203 - Accepted Software Licenses: 
2023-05-08 10:53:44,236 [INFO] AnalyticsPlugin:205 - Accepted CMSIS Pack Licenses: 
2023-05-08 10:53:44,237 [INFO] AnalyticsPlugin:207 - Accepted Firmware Licenses: 
2023-05-08 10:53:44,237 [INFO] PluginManage:342 - Loaded plugin analytics (category:tool,tabindex:-1)
2023-05-08 10:53:44,237 [INFO] PluginManage:292 - Check plugin clock
2023-05-08 10:53:44,267 [INFO] PluginManage:342 - Loaded plugin clock (category:base,tabindex:2)
2023-05-08 10:53:44,267 [INFO] PluginManage:292 - Check plugin ddr
2023-05-08 10:53:44,270 [INFO] PluginManage:342 - Loaded plugin ddr (category:tool,tabindex:6)
2023-05-08 10:53:44,270 [INFO] PluginManage:292 - Check plugin filemanager
2023-05-08 10:53:44,408 [INFO] PluginManage:342 - Loaded plugin filemanager (category:base,tabindex:10)
2023-05-08 10:53:44,408 [INFO] PluginManage:292 - Check plugin ipmanager
2023-05-08 10:53:44,417 [INFO] PluginManage:342 - Loaded plugin ipmanager (category:base,tabindex:5)
2023-05-08 10:53:44,418 [INFO] PluginManage:292 - Check plugin pinoutandconfiguration
2023-05-08 10:53:44,441 [INFO] PluginManage:342 - Loaded plugin pinoutandconfiguration (category:base,tabindex:1)
2023-05-08 10:53:44,441 [INFO] PluginManage:292 - Check plugin pinoutconfig
2023-05-08 10:53:44,487 [INFO] PluginManage:342 - Loaded plugin pinoutconfig (category:base,tabindex:0)
2023-05-08 10:53:44,488 [INFO] PluginManage:292 - Check plugin power
2023-05-08 10:53:44,513 [INFO] PluginManage:342 - Loaded plugin power (category:power,tabindex:4)
2023-05-08 10:53:44,514 [INFO] PluginManage:292 - Check plugin projectmanager
2023-05-08 10:53:44,534 [INFO] PluginManage:342 - Loaded plugin projectmanager (category:projectmanager,tabindex:3)
2023-05-08 10:53:44,534 [INFO] PluginManage:292 - Check plugin thirdparty
2023-05-08 10:53:44,717 [INFO] ThirdPartyDb:333 - Open Third Party DataBase File (C:/Users/ARAFA/.stm32cubemx/plugins/thirdparty/db/thirdparties_db.xml) : 69 ms. number of Sw pack : 44
2023-05-08 10:53:44,723 [INFO] PluginManage:342 - Loaded plugin thirdparty (category:base,tabindex:-1)
2023-05-08 10:53:44,724 [INFO] PluginManage:292 - Check plugin tools
2023-05-08 10:53:44,800 [INFO] PluginManage:342 - Loaded plugin tools (category:base,tabindex:7)
2023-05-08 10:53:44,801 [INFO] PluginManage:292 - Check plugin tutovideos
2023-05-08 10:53:45,067 [INFO] PluginManage:342 - Loaded plugin tutovideos (category:base,tabindex:-1)
2023-05-08 10:53:45,068 [INFO] PluginManage:292 - Check plugin updater
2023-05-08 10:53:45,083 [INFO] PluginManage:342 - Loaded plugin updater (category:base,tabindex:12)
2023-05-08 10:53:45,083 [INFO] PluginManage:265 - PluginManage : Loaded plugins [13]
2023-05-08 10:53:45,300 [INFO] PinOutPanel:1418 - setPackage(No Configuration,No Configuration)
2023-05-08 10:53:45,438 [INFO] IPUIPlugin:64 - create IPUIPlugin
2023-05-08 10:53:45,438 [INFO] PluginManager:200 - loadIPPluginJar : add adc
2023-05-08 10:53:45,491 [INFO] IPUIPlugin:64 - create IPUIPlugin
2023-05-08 10:53:45,491 [INFO] PluginManager:200 - loadIPPluginJar : add aes
2023-05-08 10:53:45,555 [INFO] IPUIPlugin:64 - create IPUIPlugin
2023-05-08 10:53:45,555 [INFO] PluginManager:200 - loadIPPluginJar : add can
2023-05-08 10:53:45,593 [INFO] IPUIPlugin:64 - create IPUIPlugin
2023-05-08 10:53:45,593 [INFO] PluginManager:200 - loadIPPluginJar : add comp
2023-05-08 10:53:45,637 [INFO] IPUIPlugin:64 - create IPUIPlugin
2023-05-08 10:53:45,638 [INFO] PluginManager:200 - loadIPPluginJar : add cryp
2023-05-08 10:53:45,681 [INFO] IPUIPlugin:64 - create IPUIPlugin
2023-05-08 10:53:45,681 [INFO] PluginManager:200 - loadIPPluginJar : add dfsdm
2023-05-08 10:53:45,699 [INFO] IPUIPlugin:64 - create IPUIPlugin
2023-05-08 10:53:45,700 [INFO] PluginManager:200 - loadIPPluginJar : add dma
2023-05-08 10:53:45,732 [INFO] IPUIPlugin:64 - create IPUIPlugin
2023-05-08 10:53:45,733 [INFO] PluginManager:200 - loadIPPluginJar : add fatfs
2023-05-08 10:53:45,804 [INFO] IPUIPlugin:64 - create IPUIPlugin
2023-05-08 10:53:45,804 [INFO] PluginManager:200 - loadIPPluginJar : add fmc
2023-05-08 10:53:45,823 [INFO] IPUIPlugin:64 - create IPUIPlugin
2023-05-08 10:53:45,823 [INFO] PluginManager:200 - loadIPPluginJar : add freertos
2023-05-08 10:53:45,859 [INFO] IPUIPlugin:64 - create IPUIPlugin
2023-05-08 10:53:45,859 [INFO] PluginManager:200 - loadIPPluginJar : add genericplugin
2023-05-08 10:53:45,972 [INFO] IPUIPlugin:64 - create IPUIPlugin
2023-05-08 10:53:45,973 [INFO] PluginManager:200 - loadIPPluginJar : add gfxmmu
2023-05-08 10:53:46,125 [INFO] IPUIPlugin:64 - create IPUIPlugin
2023-05-08 10:53:46,126 [INFO] PluginManager:200 - loadIPPluginJar : add gic
2023-05-08 10:53:46,141 [INFO] IPUIPlugin:64 - create IPUIPlugin
2023-05-08 10:53:46,141 [INFO] PluginManager:200 - loadIPPluginJar : add gpio
2023-05-08 10:53:46,224 [INFO] IPUIPlugin:64 - create IPUIPlugin
2023-05-08 10:53:46,224 [INFO] PluginManager:200 - loadIPPluginJar : add gtzc
2023-05-08 10:53:46,273 [INFO] IPUIPlugin:64 - create IPUIPlugin
2023-05-08 10:53:46,273 [INFO] PluginManager:200 - loadIPPluginJar : add hash
2023-05-08 10:53:46,344 [INFO] IPUIPlugin:64 - create IPUIPlugin
2023-05-08 10:53:46,344 [INFO] PluginManager:200 - loadIPPluginJar : add i2c
2023-05-08 10:53:46,401 [INFO] IPUIPlugin:64 - create IPUIPlugin
2023-05-08 10:53:46,402 [INFO] PluginManager:200 - loadIPPluginJar : add i2s
2023-05-08 10:53:46,416 [INFO] IPUIPlugin:64 - create IPUIPlugin
2023-05-08 10:53:46,416 [INFO] PluginManager:200 - loadIPPluginJar : add ipddr
2023-05-08 10:53:46,468 [INFO] IPUIPlugin:64 - create IPUIPlugin
2023-05-08 10:53:46,468 [INFO] PluginManager:200 - loadIPPluginJar : add ltdc
2023-05-08 10:53:46,484 [INFO] IPUIPlugin:64 - create IPUIPlugin
2023-05-08 10:53:46,484 [INFO] PluginManager:200 - loadIPPluginJar : add mdma
2023-05-08 10:53:46,499 [INFO] IPUIPlugin:64 - create IPUIPlugin
2023-05-08 10:53:46,499 [INFO] PluginManager:200 - loadIPPluginJar : add nvic
2023-05-08 10:53:46,552 [INFO] IPUIPlugin:64 - create IPUIPlugin
2023-05-08 10:53:46,552 [INFO] PluginManager:200 - loadIPPluginJar : add opamp
2023-05-08 10:53:46,636 [INFO] IPUIPlugin:64 - create IPUIPlugin
2023-05-08 10:53:46,637 [INFO] PluginManager:200 - loadIPPluginJar : add openamp
2023-05-08 10:53:46,695 [INFO] IPUIPlugin:64 - create IPUIPlugin
2023-05-08 10:53:46,696 [INFO] PluginManager:200 - loadIPPluginJar : add pdm2pcm
2023-05-08 10:53:46,714 [INFO] IPUIPlugin:64 - create IPUIPlugin
2023-05-08 10:53:46,718 [INFO] PluginManager:200 - loadIPPluginJar : add plateformsettings
2023-05-08 10:53:46,754 [INFO] IPUIPlugin:64 - create IPUIPlugin
2023-05-08 10:53:46,755 [INFO] PluginManager:200 - loadIPPluginJar : add quadspi
2023-05-08 10:53:46,770 [INFO] IPUIPlugin:64 - create IPUIPlugin
2023-05-08 10:53:46,770 [INFO] PluginManager:200 - loadIPPluginJar : add resmgrutility
2023-05-08 10:53:46,846 [INFO] IPUIPlugin:64 - create IPUIPlugin
2023-05-08 10:53:46,846 [INFO] PluginManager:200 - loadIPPluginJar : add sai
2023-05-08 10:53:46,898 [INFO] IPUIPlugin:64 - create IPUIPlugin
2023-05-08 10:53:46,898 [INFO] PluginManager:200 - loadIPPluginJar : add spi
2023-05-08 10:53:46,966 [INFO] IPUIPlugin:64 - create IPUIPlugin
2023-05-08 10:53:46,966 [INFO] PluginManager:200 - loadIPPluginJar : add stm32_wpan
2023-05-08 10:53:47,006 [INFO] IPUIPlugin:64 - create IPUIPlugin
2023-05-08 10:53:47,006 [INFO] PluginManager:200 - loadIPPluginJar : add tim
2023-05-08 10:53:47,090 [INFO] IPUIPlugin:64 - create IPUIPlugin
2023-05-08 10:53:47,091 [INFO] PluginManager:200 - loadIPPluginJar : add touchsensing
2023-05-08 10:53:47,128 [INFO] IPUIPlugin:64 - create IPUIPlugin
2023-05-08 10:53:47,128 [INFO] PluginManager:200 - loadIPPluginJar : add tracer_emb
2023-05-08 10:53:47,166 [INFO] IPUIPlugin:64 - create IPUIPlugin
2023-05-08 10:53:47,167 [INFO] PluginManager:200 - loadIPPluginJar : add ts
2023-05-08 10:53:47,206 [INFO] IPUIPlugin:64 - create IPUIPlugin
2023-05-08 10:53:47,207 [INFO] PluginManager:200 - loadIPPluginJar : add tsc
2023-05-08 10:53:47,242 [INFO] IPUIPlugin:64 - create IPUIPlugin
2023-05-08 10:53:47,242 [INFO] PluginManager:200 - loadIPPluginJar : add ucpd
2023-05-08 10:53:47,303 [INFO] IPUIPlugin:64 - create IPUIPlugin
2023-05-08 10:53:47,304 [INFO] PluginManager:200 - loadIPPluginJar : add usart
2023-05-08 10:53:48,025 [INFO] CubeProgrammer:457 - [DDR PANEL] - PathOfProgrammer: null
2023-05-08 10:53:49,105 [FATAL] Updater:282 - Updater called before beeing initialized
2023-05-08 10:53:49,290 [FATAL] Updater:282 - Updater called before beeing initialized
2023-05-08 10:53:49,290 [WARN] ThirdParty:775 - waiting for thirdparty lock release [close project]
2023-05-08 10:53:49,291 [INFO] ThirdParty:777 - entering critical section [close project]
2023-05-08 10:53:49,292 [INFO] ThirdParty:790 - exiting critical section [close project]
2023-05-08 10:53:49,295 [INFO] PinOutPanel:1418 - setPackage(No Configuration,No Configuration)
2023-05-08 10:53:49,295 [FATAL] Updater:282 - Updater called before beeing initialized
2023-05-08 10:53:49,309 [ERROR] Updater:967 - MainUpdater not yet initialized. External WinMGr cannot be set.
2023-05-08 10:53:49,311 [INFO] CubeProgrammer:457 - [DDR PANEL] - PathOfProgrammer: C:\ST\STM32CubeIDE_1.4.0\STM32CubeIDE\plugins\com.st.stm32cube.ide.mcu.externaltools.cubeprogrammer.win32_1.4.0.202007081208\tools\bin
2023-05-08 10:53:49,316 [INFO] ProgrammerExecThread:148 - [ProgrammerAPI] CubeProgrammer command construction: C:\ST\STM32CubeIDE_1.4.0\STM32CubeIDE\plugins\com.st.stm32cube.ide.mcu.externaltools.cubeprogrammer.win32_1.4.0.202007081208\tools\bin\STM32_Programmer_CLI.exe -l
2023-05-08 10:53:50,020 [INFO] MainDdrPanel:49 - [DDR PANEL] SETTER - Set cubeProgrammerPath to: C:\ST\STM32CubeIDE_1.4.0\STM32CubeIDE\plugins\com.st.stm32cube.ide.mcu.externaltools.cubeprogrammer.win32_1.4.0.202007081208\tools\bin
2023-05-08 10:53:50,155 [INFO] Updater:904 - Updater Version found : 6.0.0
2023-05-08 10:53:50,178 [INFO] ApplicationProperties:181 - Using Application install path: C:\ST\STM32CubeIDE_1.4.0\STM32CubeIDE\plugins\com.st.stm32cube.common.mx_6.0.0.202007160824
2023-05-08 10:53:50,607 [INFO] MainUpdater:2268 - connection check result : 10
2023-05-08 10:53:50,608 [INFO] MainUpdater:239 - Updater Check For Update Now.
2023-05-08 10:53:50,608 [INFO] MicroXplorer:414 - Change Database Version : DB.6.0.0
2023-05-08 10:53:50,692 [INFO] CheckServerUpdateThread:102 - End of CheckServer Thread
2023-05-08 10:53:50,725 [WARN] IntegrityCheckThread:61 - waiting for thirdparty lock release [integrity check]
2023-05-08 10:53:50,725 [INFO] IntegrityCheckThread:63 - entering critical section [integrity check]
2023-05-08 10:53:50,745 [INFO] MainUpdater:2268 - connection check result : 10
2023-05-08 10:53:51,050 [INFO] ServerAccessManage:348 - Download File mcusDocs.json._tmp_
2023-05-08 10:53:51,183 [INFO] LoadUrlFilesThread:135 - End of LoadUrlFiles Thread
2023-05-08 10:53:51,294 [INFO] ServerAccessManage:348 - Download File mcusFeaturesAndDescription.json._tmp_
2023-05-08 10:53:51,336 [INFO] ThirdPartyDb:299 - Save Third Party DataBase File (C:/Users/ARAFA/.stm32cubemx/plugins/thirdparty/db/thirdparties_db.xml) [forced]
2023-05-08 10:53:51,421 [WARN] MainUpdater:1111 - Updater busy. Cannot search getThirdPartyDeniedPacksFromList
2023-05-08 10:53:53,884 [INFO] LoadUrlFilesThread:135 - End of LoadUrlFiles Thread
2023-05-08 10:53:53,970 [INFO] ServerAccessManage:348 - Download File boardsDocs.json._tmp_
2023-05-08 10:53:53,995 [INFO] LoadUrlFilesThread:135 - End of LoadUrlFiles Thread
2023-05-08 10:53:54,076 [INFO] ServerAccessManage:348 - Download File boards.json._tmp_
2023-05-08 10:53:54,241 [INFO] LoadUrlFilesThread:135 - End of LoadUrlFiles Thread
2023-05-08 10:53:54,359 [INFO] ServerAccessManage:348 - Download File cube-finder-db.zip
2023-05-08 10:53:54,422 [WARN] MainUpdater:1111 - Updater busy. Cannot search getThirdPartyDeniedPacksFromList
2023-05-08 10:53:57,423 [WARN] MainUpdater:1111 - Updater busy. Cannot search getThirdPartyDeniedPacksFromList
2023-05-08 10:54:00,423 [WARN] MainUpdater:1111 - Updater busy. Cannot search getThirdPartyDeniedPacksFromList
2023-05-08 10:54:03,423 [WARN] MainUpdater:1111 - Updater busy. Cannot search getThirdPartyDeniedPacksFromList
2023-05-08 10:54:04,114 [INFO] FileExtend:225 - Unzip File : cube-finder-db.zip
2023-05-08 10:54:04,116 [INFO] FileExtend:240 - Standard Zip Deflate
2023-05-08 10:54:05,037 [INFO] LoadUrlFilesThread:135 - End of LoadUrlFiles Thread
2023-05-08 10:54:05,839 [INFO] ServerAccessManage:348 - Download File crdb.zip
2023-05-08 10:54:06,238 [INFO] FileExtend:225 - Unzip File : crdb.zip
2023-05-08 10:54:06,241 [INFO] FileExtend:240 - Standard Zip Deflate
2023-05-08 10:54:06,279 [INFO] LoadUrlFilesThread:135 - End of LoadUrlFiles Thread
2023-05-08 10:54:06,377 [INFO] ServerAccessManage:348 - Download File tutoVideoDB.zip
2023-05-08 10:54:06,421 [INFO] FileExtend:225 - Unzip File : tutoVideoDB.zip
2023-05-08 10:54:06,423 [WARN] MainUpdater:1111 - Updater busy. Cannot search getThirdPartyDeniedPacksFromList
2023-05-08 10:54:06,423 [INFO] FileExtend:240 - Standard Zip Deflate
2023-05-08 10:54:06,447 [INFO] LoadUrlFilesThread:135 - End of LoadUrlFiles Thread
2023-05-08 10:54:06,483 [INFO] DbMcusDocs:145 - JSON generation date=Tue Nov 16 18:17:54 EET 2021 (1637079474)
2023-05-08 10:54:06,486 [INFO] DbMcusXml:100 - Load MCU database from C:\ST\STM32CubeIDE_1.4.0\STM32CubeIDE\plugins\com.st.stm32cube.common.mx_6.0.0.202007160824\\db\/mcu/families.xml
2023-05-08 10:54:07,354 [INFO] DbMcusJson:92 - JSON generation date=Tue Nov 16 18:17:54 EET 2021 (1637079474)
2023-05-08 10:54:08,229 [INFO] DbMcus:175 - Found 1761 MCUs (1722 are supported by CubeMX, 1911 are visible in CubeMX)
2023-05-08 10:54:08,229 [INFO] ApiDb:192 - User favorites file not found: C:\Users\ARAFA/.stm32cubemx/favorites.mcus.txt
2023-05-08 10:54:08,230 [INFO] DbMcus:187 - Set 0 / 0 favorites MCUs
2023-05-08 10:54:08,597 [INFO] DbMcusDocs:81 - Found 682 MCUs documents
2023-05-08 10:54:08,600 [INFO] ApiDb:226 - Save user favorites file C:\Users\ARAFA/.stm32cubemx/favorites.mcus.txt: 0 item(s)
2023-05-08 10:54:08,600 [INFO] ApiDb:230 - User favorites MCUs=[]
2023-05-08 10:54:08,601 [INFO] DbMcusXml:100 - Load MCU database from C:\ST\STM32CubeIDE_1.4.0\STM32CubeIDE\plugins\com.st.stm32cube.common.mx_6.0.0.202007160824\\db\/mcu/families.xml
2023-05-08 10:54:09,152 [INFO] DbMcusJson:92 - JSON generation date=Tue Nov 16 18:17:54 EET 2021 (1637079474)
2023-05-08 10:54:09,431 [INFO] ThirdPartyDb:299 - Save Third Party DataBase File (C:/Users/ARAFA/.stm32cubemx/plugins/thirdparty/db/thirdparties_db.xml) [forced]
2023-05-08 10:54:09,569 [INFO] IntegrityCheckThread:76 - exiting critical section [integrity check]
2023-05-08 10:54:09,569 [INFO] IntegrityCheckThread:79 - End integrity checks thread
2023-05-08 10:54:09,823 [INFO] DbMcus:175 - Found 1761 MCUs (1722 are supported by CubeMX, 1911 are visible in CubeMX)
2023-05-08 10:54:09,824 [INFO] ApiDb:201 - Load user favorites file C:\Users\ARAFA/.stm32cubemx/favorites.mcus.txt: 0 item(s)
2023-05-08 10:54:09,824 [INFO] ApiDb:205 - User favorites MCUs=[]
2023-05-08 10:54:09,825 [INFO] DbMcus:187 - Set 0 / 0 favorites MCUs
2023-05-08 10:54:09,840 [INFO] DbBoardsDocs:145 - JSON generation date=Tue Nov 16 18:17:54 EET 2021 (1637079474)
2023-05-08 10:54:09,876 [INFO] DbBoardsPdsc:94 - Found 23 items
2023-05-08 10:54:09,895 [INFO] DbBoardsPdsc:94 - Found 9 items
2023-05-08 10:54:09,916 [INFO] DbBoardsPdsc:94 - Found 29 items
2023-05-08 10:54:09,933 [INFO] DbBoardsPdsc:94 - Found 1 items
2023-05-08 10:54:09,959 [INFO] DbBoardsPdsc:94 - Found 44 items
2023-05-08 10:54:09,987 [INFO] DbBoardsPdsc:94 - Found 40 items
2023-05-08 10:54:10,003 [INFO] DbBoardsPdsc:94 - Found 2 items
2023-05-08 10:54:10,017 [INFO] DbBoardsPdsc:94 - Found 4 items
2023-05-08 10:54:10,024 [WARN] DbBoardsPdsc:258 - Board STM32H7B3I-DK: unknown feature type=Audio, name=, username=Audio stereo codec with Headphone Amp (CS42L51-CNZ), n=1
2023-05-08 10:54:10,025 [WARN] DbBoardsPdsc:258 - Board STM32H735G-DK: unknown feature type=Audio, name=, username=Audio stereo codec with Headphone Amp (WM8994ECS/R), n=1
2023-05-08 10:54:10,028 [WARN] DbBoardsPdsc:258 - Board STM32H7B3I-EVAL: unknown feature type=Audio, name=, username=Multi-Channel Audio Codec (CS42L51-CNZ), n=1
2023-05-08 10:54:10,028 [WARN] DbBoardsPdsc:258 - Board STM32H7B3I-EVAL: unknown feature type=Meter, name=, username=Power-metering and Temperature-monitoring with sigma-delta modulators, n=1
2023-05-08 10:54:10,028 [WARN] DbBoardsPdsc:258 - Board STM32H7B3I-EVAL: unknown feature type=Motor, name=, username=Motor Control, n=1
2023-05-08 10:54:10,045 [INFO] DbBoardsJson:85 - JSON generation date=Tue Nov 16 18:17:54 EET 2021 (1637079474)
2023-05-08 10:54:10,056 [INFO] DbBoards:117 - Found 166 boards (149 are supported by CubeMX)
2023-05-08 10:54:10,058 [INFO] DbBoardsDocs:145 - JSON generation date=Tue Nov 16 18:17:54 EET 2021 (1637079474)
2023-05-08 10:54:10,064 [INFO] DbBoardsDocs:81 - Found 209 boards documents
2023-05-08 10:54:10,067 [WARN] DbBoards:127 - board B-L475E-IOT01A2 has no document id list !
2023-05-08 10:54:10,068 [WARN] DbBoards:127 - board NUCLEO-H743ZI has no document id list !
2023-05-08 10:54:10,069 [WARN] DbBoards:127 - board P-NUCLEO-WB55-Nucleo has no document id list !
2023-05-08 10:54:10,069 [WARN] DbBoards:127 - board P-NUCLEO-WB55-USBDongle has no document id list !
2023-05-08 10:54:10,070 [WARN] DbBoards:127 - board STEVAL-BFA001V1B has no document id list !
2023-05-08 10:54:10,070 [WARN] DbBoards:127 - board STEVAL-BFA001V2B has no document id list !
2023-05-08 10:54:10,070 [WARN] DbBoards:127 - board STEVAL-IDP005V1 has no document id list !
2023-05-08 10:54:10,070 [WARN] DbBoards:127 - board STEVAL-IDP005V2 has no document id list !
2023-05-08 10:54:10,070 [WARN] DbBoards:127 - board STEVAL-MKSBOX1V1 has no document id list !
2023-05-08 10:54:10,070 [WARN] DbBoards:127 - board STEVAL-STWINKT1 has no document id list !
2023-05-08 10:54:10,070 [WARN] DbBoards:127 - board STEVAL-STWINKT1B has no document id list !
2023-05-08 10:54:10,070 [WARN] DbBoards:127 - board STM32439I-EVAL2 has no document id list !
2023-05-08 10:54:10,071 [WARN] DbBoards:127 - board STM32F401C-DISCO has no document id list !
2023-05-08 10:54:10,072 [WARN] DbBoards:127 - board STM32F769I-DISC1 has no document id list !
2023-05-08 10:54:10,072 [WARN] DbBoards:127 - board STM32G474E-EVAL1 has no document id list !
2023-05-08 10:54:10,072 [WARN] DbBoards:127 - board STM32H743I-EVAL2 has no document id list !
2023-05-08 10:54:10,073 [WARN] DbBoards:127 - board STM32H747I-DISC1 has no document id list !
2023-05-08 10:54:10,073 [WARN] DbBoards:127 - board STM32H753I-EVAL2 has no document id list !
2023-05-08 10:54:10,073 [WARN] DbBoards:127 - board STM32L-DISCOVERY has no document id list !
2023-05-08 10:54:10,167 [ERROR] DbBoards:189 - Image file not found for board B-L462E-CELL1: C:\ST\STM32CubeIDE_1.4.0\STM32CubeIDE\plugins\com.st.stm32cube.common.mx_6.0.0.202007160824\\db\/plugins/mcufinder/images/boards/B-L462E-CELL1_small.jpg
2023-05-08 10:54:10,225 [ERROR] DbBoards:189 - Image file not found for board B-U585I-IOT02A: C:\ST\STM32CubeIDE_1.4.0\STM32CubeIDE\plugins\com.st.stm32cube.common.mx_6.0.0.202007160824\\db\/plugins/mcufinder/images/boards/B-U585I-IOT02A_small.jpg
2023-05-08 10:54:10,316 [ERROR] DbBoards:189 - Image file not found for board NUCLEO-F413ZH: C:\ST\STM32CubeIDE_1.4.0\STM32CubeIDE\plugins\com.st.stm32cube.common.mx_6.0.0.202007160824\\db\/plugins/mcufinder/images/boards/nucleo-f413zh_small.jpg
2023-05-08 10:54:10,477 [ERROR] DbBoards:189 - Image file not found for board NUCLEO-L552ZE-Q: C:\ST\STM32CubeIDE_1.4.0\STM32CubeIDE\plugins\com.st.stm32cube.common.mx_6.0.0.202007160824\\db\/plugins/mcufinder/images/boards/nucleo_l552ze_q_small.jpg
2023-05-08 10:54:10,477 [ERROR] DbBoards:189 - Image file not found for board NUCLEO-U575ZI-Q: C:\ST\STM32CubeIDE_1.4.0\STM32CubeIDE\plugins\com.st.stm32cube.common.mx_6.0.0.202007160824\\db\/plugins/mcufinder/images/boards/nucleo-u575zi-q_small.jpg
2023-05-08 10:54:10,477 [ERROR] DbBoards:189 - Image file not found for board NUCLEO-WB15CC: C:\ST\STM32CubeIDE_1.4.0\STM32CubeIDE\plugins\com.st.stm32cube.common.mx_6.0.0.202007160824\\db\/plugins/mcufinder/images/boards/nucleo-wb15cc_small.jpg
2023-05-08 10:54:10,478 [ERROR] DbBoards:189 - Image file not found for board NUCLEO-WB55RG: C:\ST\STM32CubeIDE_1.4.0\STM32CubeIDE\plugins\com.st.stm32cube.common.mx_6.0.0.202007160824\\db\/plugins/mcufinder/images/boards/nucleo-wb55rg_small.jpg
2023-05-08 10:54:10,478 [ERROR] DbBoards:189 - Image file not found for board NUCLEO-WL55JC: C:\ST\STM32CubeIDE_1.4.0\STM32CubeIDE\plugins\com.st.stm32cube.common.mx_6.0.0.202007160824\\db\/plugins/mcufinder/images/boards/nucleo-wl55jc-small.jpg
2023-05-08 10:54:10,745 [ERROR] DbBoards:189 - Image file not found for board STEVAL-STWINKT1B: C:\ST\STM32CubeIDE_1.4.0\STM32CubeIDE\plugins\com.st.stm32cube.common.mx_6.0.0.202007160824\\db\/plugins/mcufinder/images/boards/steval-stwinkt1b_small.jpg
2023-05-08 10:54:11,267 [ERROR] DbBoards:189 - Image file not found for board STM32G0C1E-EV: C:\ST\STM32CubeIDE_1.4.0\STM32CubeIDE\plugins\com.st.stm32cube.common.mx_6.0.0.202007160824\\db\/plugins/mcufinder/images/boards/stm32g0c1e-eval_small.jpg
2023-05-08 10:54:11,373 [ERROR] DbBoards:189 - Image file not found for board STM32H7B3I-EVAL: C:\ST\STM32CubeIDE_1.4.0\STM32CubeIDE\plugins\com.st.stm32cube.common.mx_6.0.0.202007160824\\db\/plugins/mcufinder/images/boards/stm32h7b3ieval_small.jpg
2023-05-08 10:54:11,594 [ERROR] DbBoards:189 - Image file not found for board STM32U575I-EV: C:\ST\STM32CubeIDE_1.4.0\STM32CubeIDE\plugins\com.st.stm32cube.common.mx_6.0.0.202007160824\\db\/plugins/mcufinder/images/boards/stm32u575i-ev_small.jpg
2023-05-08 10:54:11,634 [ERROR] DbBoards:189 - Image file not found for board STM32WB5MM-DK: C:\ST\STM32CubeIDE_1.4.0\STM32CubeIDE\plugins\com.st.stm32cube.common.mx_6.0.0.202007160824\\db\/plugins/mcufinder/images/boards/STM32WB5MM-DK_small.jpg
2023-05-08 10:54:11,635 [INFO] ApiDb:192 - User favorites file not found: C:\Users\ARAFA/.stm32cubemx/favorites.boards.txt
2023-05-08 10:54:11,635 [INFO] DbBoards:206 - Set 0 / 0 favorites Boards
2023-05-08 10:54:11,637 [INFO] DbBoardsDocs:81 - Found 418 boards documents
2023-05-08 10:54:11,638 [INFO] ApiDb:226 - Save user favorites file C:\Users\ARAFA/.stm32cubemx/favorites.boards.txt: 0 item(s)
2023-05-08 10:54:11,638 [INFO] ApiDb:230 - User favorites Boards=[]
2023-05-08 10:54:11,641 [INFO] DbBoardsPdsc:94 - Found 23 items
2023-05-08 10:54:11,643 [INFO] DbBoardsPdsc:94 - Found 9 items
2023-05-08 10:54:11,645 [INFO] DbBoardsPdsc:94 - Found 29 items
2023-05-08 10:54:11,646 [INFO] DbBoardsPdsc:94 - Found 1 items
2023-05-08 10:54:11,650 [INFO] DbBoardsPdsc:94 - Found 44 items
2023-05-08 10:54:11,654 [INFO] DbBoardsPdsc:94 - Found 40 items
2023-05-08 10:54:11,656 [INFO] DbBoardsPdsc:94 - Found 2 items
2023-05-08 10:54:11,657 [INFO] DbBoardsPdsc:94 - Found 4 items
2023-05-08 10:54:11,660 [WARN] DbBoardsPdsc:258 - Board STM32H7B3I-DK: unknown feature type=Audio, name=, username=Audio stereo codec with Headphone Amp (CS42L51-CNZ), n=1
2023-05-08 10:54:11,661 [WARN] DbBoardsPdsc:258 - Board STM32H735G-DK: unknown feature type=Audio, name=, username=Audio stereo codec with Headphone Amp (WM8994ECS/R), n=1
2023-05-08 10:54:11,662 [WARN] DbBoardsPdsc:258 - Board STM32H7B3I-EVAL: unknown feature type=Audio, name=, username=Multi-Channel Audio Codec (CS42L51-CNZ), n=1
2023-05-08 10:54:11,662 [WARN] DbBoardsPdsc:258 - Board STM32H7B3I-EVAL: unknown feature type=Meter, name=, username=Power-metering and Temperature-monitoring with sigma-delta modulators, n=1
2023-05-08 10:54:11,663 [WARN] DbBoardsPdsc:258 - Board STM32H7B3I-EVAL: unknown feature type=Motor, name=, username=Motor Control, n=1
2023-05-08 10:54:11,677 [INFO] DbBoardsJson:85 - JSON generation date=Tue Nov 16 18:17:54 EET 2021 (1637079474)
2023-05-08 10:54:11,682 [INFO] DbBoards:117 - Found 166 boards (149 are supported by CubeMX)
2023-05-08 10:54:11,682 [WARN] DbBoards:127 - board B-L475E-IOT01A2 has no document id list !
2023-05-08 10:54:11,683 [WARN] DbBoards:127 - board NUCLEO-H743ZI has no document id list !
2023-05-08 10:54:11,683 [WARN] DbBoards:127 - board P-NUCLEO-WB55-Nucleo has no document id list !
2023-05-08 10:54:11,683 [WARN] DbBoards:127 - board P-NUCLEO-WB55-USBDongle has no document id list !
2023-05-08 10:54:11,683 [WARN] DbBoards:127 - board STEVAL-BFA001V1B has no document id list !
2023-05-08 10:54:11,683 [WARN] DbBoards:127 - board STEVAL-BFA001V2B has no document id list !
2023-05-08 10:54:11,683 [WARN] DbBoards:127 - board STEVAL-IDP005V1 has no document id list !
2023-05-08 10:54:11,683 [WARN] DbBoards:127 - board STEVAL-IDP005V2 has no document id list !
2023-05-08 10:54:11,683 [WARN] DbBoards:127 - board STEVAL-MKSBOX1V1 has no document id list !
2023-05-08 10:54:11,683 [WARN] DbBoards:127 - board STEVAL-STWINKT1 has no document id list !
2023-05-08 10:54:11,684 [WARN] DbBoards:127 - board STEVAL-STWINKT1B has no document id list !
2023-05-08 10:54:11,684 [WARN] DbBoards:127 - board STM32439I-EVAL2 has no document id list !
2023-05-08 10:54:11,684 [WARN] DbBoards:127 - board STM32F401C-DISCO has no document id list !
2023-05-08 10:54:11,684 [WARN] DbBoards:127 - board STM32F769I-DISC1 has no document id list !
2023-05-08 10:54:11,684 [WARN] DbBoards:127 - board STM32G474E-EVAL1 has no document id list !
2023-05-08 10:54:11,684 [WARN] DbBoards:127 - board STM32H743I-EVAL2 has no document id list !
2023-05-08 10:54:11,684 [WARN] DbBoards:127 - board STM32H747I-DISC1 has no document id list !
2023-05-08 10:54:11,684 [WARN] DbBoards:127 - board STM32H753I-EVAL2 has no document id list !
2023-05-08 10:54:11,685 [WARN] DbBoards:127 - board STM32L-DISCOVERY has no document id list !
2023-05-08 10:54:11,718 [ERROR] DbBoards:189 - Image file not found for board B-L462E-CELL1: C:\ST\STM32CubeIDE_1.4.0\STM32CubeIDE\plugins\com.st.stm32cube.common.mx_6.0.0.202007160824\\db\/plugins/mcufinder/images/boards/B-L462E-CELL1_small.jpg
2023-05-08 10:54:11,750 [ERROR] DbBoards:189 - Image file not found for board B-U585I-IOT02A: C:\ST\STM32CubeIDE_1.4.0\STM32CubeIDE\plugins\com.st.stm32cube.common.mx_6.0.0.202007160824\\db\/plugins/mcufinder/images/boards/B-U585I-IOT02A_small.jpg
2023-05-08 10:54:11,816 [ERROR] DbBoards:189 - Image file not found for board NUCLEO-F413ZH: C:\ST\STM32CubeIDE_1.4.0\STM32CubeIDE\plugins\com.st.stm32cube.common.mx_6.0.0.202007160824\\db\/plugins/mcufinder/images/boards/nucleo-f413zh_small.jpg
2023-05-08 10:54:11,962 [ERROR] DbBoards:189 - Image file not found for board NUCLEO-L552ZE-Q: C:\ST\STM32CubeIDE_1.4.0\STM32CubeIDE\plugins\com.st.stm32cube.common.mx_6.0.0.202007160824\\db\/plugins/mcufinder/images/boards/nucleo_l552ze_q_small.jpg
2023-05-08 10:54:11,962 [ERROR] DbBoards:189 - Image file not found for board NUCLEO-U575ZI-Q: C:\ST\STM32CubeIDE_1.4.0\STM32CubeIDE\plugins\com.st.stm32cube.common.mx_6.0.0.202007160824\\db\/plugins/mcufinder/images/boards/nucleo-u575zi-q_small.jpg
2023-05-08 10:54:11,962 [ERROR] DbBoards:189 - Image file not found for board NUCLEO-WB15CC: C:\ST\STM32CubeIDE_1.4.0\STM32CubeIDE\plugins\com.st.stm32cube.common.mx_6.0.0.202007160824\\db\/plugins/mcufinder/images/boards/nucleo-wb15cc_small.jpg
2023-05-08 10:54:11,962 [ERROR] DbBoards:189 - Image file not found for board NUCLEO-WB55RG: C:\ST\STM32CubeIDE_1.4.0\STM32CubeIDE\plugins\com.st.stm32cube.common.mx_6.0.0.202007160824\\db\/plugins/mcufinder/images/boards/nucleo-wb55rg_small.jpg
2023-05-08 10:54:11,962 [ERROR] DbBoards:189 - Image file not found for board NUCLEO-WL55JC: C:\ST\STM32CubeIDE_1.4.0\STM32CubeIDE\plugins\com.st.stm32cube.common.mx_6.0.0.202007160824\\db\/plugins/mcufinder/images/boards/nucleo-wl55jc-small.jpg
2023-05-08 10:54:12,070 [ERROR] DbBoards:189 - Image file not found for board STEVAL-STWINKT1B: C:\ST\STM32CubeIDE_1.4.0\STM32CubeIDE\plugins\com.st.stm32cube.common.mx_6.0.0.202007160824\\db\/plugins/mcufinder/images/boards/steval-stwinkt1b_small.jpg
2023-05-08 10:54:12,281 [ERROR] DbBoards:189 - Image file not found for board STM32G0C1E-EV: C:\ST\STM32CubeIDE_1.4.0\STM32CubeIDE\plugins\com.st.stm32cube.common.mx_6.0.0.202007160824\\db\/plugins/mcufinder/images/boards/stm32g0c1e-eval_small.jpg
2023-05-08 10:54:12,352 [ERROR] DbBoards:189 - Image file not found for board STM32H7B3I-EVAL: C:\ST\STM32CubeIDE_1.4.0\STM32CubeIDE\plugins\com.st.stm32cube.common.mx_6.0.0.202007160824\\db\/plugins/mcufinder/images/boards/stm32h7b3ieval_small.jpg
2023-05-08 10:54:12,483 [ERROR] DbBoards:189 - Image file not found for board STM32U575I-EV: C:\ST\STM32CubeIDE_1.4.0\STM32CubeIDE\plugins\com.st.stm32cube.common.mx_6.0.0.202007160824\\db\/plugins/mcufinder/images/boards/stm32u575i-ev_small.jpg
2023-05-08 10:54:12,503 [ERROR] DbBoards:189 - Image file not found for board STM32WB5MM-DK: C:\ST\STM32CubeIDE_1.4.0\STM32CubeIDE\plugins\com.st.stm32cube.common.mx_6.0.0.202007160824\\db\/plugins/mcufinder/images/boards/STM32WB5MM-DK_small.jpg
2023-05-08 10:54:12,504 [INFO] ApiDb:201 - Load user favorites file C:\Users\ARAFA/.stm32cubemx/favorites.boards.txt: 0 item(s)
2023-05-08 10:54:12,504 [INFO] ApiDb:205 - User favorites Boards=[]
2023-05-08 10:54:12,504 [INFO] DbBoards:206 - Set 0 / 0 favorites Boards
2023-05-08 10:54:12,630 [INFO] DbExamplesSqlite:156 - SQLite db open (C:\Users\ARAFA\.stmcufinder\plugins\mcufinder\mcu\cube-finder-db.db)
2023-05-08 10:54:13,547 [INFO] DbExamplesSqlite:447 - Ignored 0 examples not supported by CubeIDE
2023-05-08 10:54:13,548 [INFO] DbExamplesSqlite:448 - Found 7336 examples active
2023-05-08 10:54:13,548 [INFO] DbExamplesSqlite:449 - Found 1095 examples obsolete
2023-05-08 10:54:13,548 [INFO] DbExamplesSqlite:450 - Found 0 examples under development
2023-05-08 10:54:13,548 [INFO] DbExamplesSqlite:451 - Found 77 examples not building
2023-05-08 10:54:13,629 [INFO] DbExamplesSqlite:130 - SQLite Data Model version=2.1
2023-05-08 10:54:13,629 [INFO] DbExamplesSqlite:131 - SQLite Configuration version=3.0.35
2023-05-08 10:54:13,629 [INFO] DbExamplesSqlite:132 - SQLite generation date=2023-04-03 (1680511692)
2023-05-08 10:54:13,630 [INFO] DbExamplesSqlite:133 - SQLite FW Pack versions=[FP-ATR-ASTRA1_V2.0.0, STM32Cube_FW_C0_V1.0.1, STM32Cube_FW_F0_V1.11.4, STM32Cube_FW_F3_V1.11.4, STM32Cube_FW_F4_V1.27.1, STM32Cube_FW_F7_V1.17.0, STM32Cube_FW_G0_V1.6.1, STM32Cube_FW_G4_V1.5.1, STM32Cube_FW_H5_V0.5.1, STM32Cube_FW_H5_V1.0.0, STM32Cube_FW_H7_V1.11.0, STM32Cube_FW_L0_V1.12.2, STM32Cube_FW_L5_V1.5.0, STM32Cube_FW_U5_V1.2.0, STM32Cube_FW_WBA_V1.0.0, STM32Cube_FW_WBA_V1.0.0RC1, STM32Cube_FW_WBA_V1.0.0RC3, STM32Cube_FW_WB_V1.15.0RC1, STM32Cube_FW_WB_V1.16.0, STM32Cube_FW_WB_V1.16.0RC2, STM32Cube_FW_WL_V1.3.0, X-CUBE-ALGOBUILD_V1.3.0, X-CUBE-ALS_V1.0.1, X-CUBE-AZRTOS-F4_V1.1.0, X-CUBE-AZRTOS-F7_V1.1.0, X-CUBE-AZRTOS-G0_V1.1.0, X-CUBE-AZRTOS-G4_V1.0.0, X-CUBE-AZRTOS-H7_V3.0.0, X-CUBE-AZRTOS-L4_V1.0.0, X-CUBE-AZRTOS-L5_V1.1.0, X-CUBE-AZRTOS-WB_V1.1.0, X-CUBE-AZRTOS-WL_V1.0.0, X-CUBE-BLE1_V6.2.4, X-CUBE-BLE2_V3.3.0, X-CUBE-BLEMGR_V1.3.0, X-CUBE-EEPRMA1_V4.1.0, X-CUBE-FREERTOS_V1.0.1, X-CUBE-GNSS1_V6.0.0, X-CUBE-MEMS1_V9.1.0, X-CUBE-MEMS1_V9.4.0, X-CUBE-MEMS1_V9.5.0, X-CUBE-NFC4_V3.0.0, X-CUBE-NFC7_V1.0.0, X-CUBE-SFXS2LP1_V4.0.0, X-CUBE-SUBG2_V5.0.0]
2023-05-08 10:54:13,630 [INFO] DbExamples:123 - Found 7413 examples
2023-05-08 10:54:14,153 [ERROR] DbExamples:199 - Found 7413 examples with invalid data (board or MCU)
2023-05-08 10:54:14,153 [INFO] DbExamples:215 - Found 77 boards with related examples
2023-05-08 10:54:14,154 [INFO] DbExamples:228 - Found 0 MCUs with related examples
2023-05-08 10:54:14,187 [INFO] ApiDb:192 - User favorites file not found: C:\Users\ARAFA/.stm32cubemx/favorites.examples.txt
2023-05-08 10:54:14,187 [INFO] DbExamples:249 - Set 0 / 0 favorites Examples
2023-05-08 10:54:18,064 [INFO] McuFinderGlobals:40 - Set McuFinder mode to 2 (CubeIDE integrated)
2023-05-08 10:54:18,102 [INFO] MainUpdater:2268 - connection check result : 10
2023-05-08 10:54:18,329 [INFO] CrossSelectorPresenter:1330 - Cross Selector saved comparison directory: C:\Users\ARAFA\.stmcufinder\plugins\mcufinder\mcu\cs_comparisons_mx
2023-05-08 10:54:18,336 [INFO] MultiScanPanel:193 - Auto-refresh data requested => check proxy status ongoing
2023-05-08 10:54:18,340 [INFO] FinderPluginLoader:87 - Searching for filters in installed packs
2023-05-08 10:54:19,318 [INFO] ServerAccessManage:348 - Download File 
2023-05-08 10:54:19,380 [INFO] LoadUrlFilesThread:162 - End of LoadServerUrlFiles without Thread
2023-05-08 10:54:19,396 [INFO] DetailPanel:331 - Set advertising image to C:/Users/ARAFA/STM32Cube/Repository/\stm32cubemx-promo_image.jpg
2023-05-08 10:54:19,765 [INFO] McuFilterPanel:245 - Update 0 favorites MCUs
2023-05-08 10:54:19,915 [INFO] McuFinderGlobals:40 - Set McuFinder mode to 2 (CubeIDE integrated)
2023-05-08 10:54:19,936 [INFO] CrossSelectorPresenter:1330 - Cross Selector saved comparison directory: C:\Users\ARAFA\.stmcufinder\plugins\mcufinder\mcu\cs_comparisons_mx
2023-05-08 10:54:19,940 [INFO] MultiScanPanel:193 - Auto-refresh data requested => check proxy status ongoing
2023-05-08 10:54:19,940 [INFO] FinderPluginLoader:87 - Searching for filters in installed packs
2023-05-08 10:54:20,208 [INFO] LoadUrlFilesThread:162 - End of LoadServerUrlFiles without Thread
2023-05-08 10:54:20,208 [INFO] DetailPanel:331 - Set advertising image to C:/Users/ARAFA/STM32Cube/Repository/\stm32cubemx-promo_image.jpg
2023-05-08 10:54:20,559 [INFO] McuFilterPanel:245 - Update 0 favorites MCUs
2023-05-08 10:55:33,811 [INFO] LogOutputStream:76 - [STDOUT_REDIRECT] withoutVersionV1.8.4
2023-05-08 10:55:33,812 [INFO] LogOutputStream:76 - [STDOUT_REDIRECT] withoutVersionV1.8.3
2023-05-08 10:55:33,812 [INFO] LogOutputStream:76 - [STDOUT_REDIRECT] withoutVersionV1.8.2
2023-05-08 10:55:33,813 [INFO] LogOutputStream:76 - [STDOUT_REDIRECT] withoutVersionV1.8.1
2023-05-08 10:55:33,814 [INFO] LogOutputStream:76 - [STDOUT_REDIRECT] withoutVersionV1.8.0
2023-05-08 10:55:41,877 [INFO] ApiDb:226 - Save user favorites file C:\Users\ARAFA/.stm32cubeide/favorites.mcus.txt: 0 item(s)
2023-05-08 10:55:41,878 [INFO] ApiDb:230 - User favorites MCUs=[]
2023-05-08 10:56:16,938 [ERROR] LogOutputStream:74 - [STDERR_REDIRECT] Exception in thread "AWT-EventQueue-0" java.lang.ArrayIndexOutOfBoundsException: 50
2023-05-08 10:56:16,940 [ERROR] LogOutputStream:74 - [STDERR_REDIRECT] 	at com.st.microxplorer.mcufinder.gui.mcuselector.McuResultTable.getCellRenderer(McuResultTable.java:317)
2023-05-08 10:56:16,941 [ERROR] LogOutputStream:74 - [STDERR_REDIRECT] 	at com.st.components.swing.MultiSpanCellTableUI.paintCell(CellTableModel.java:220)
2023-05-08 10:56:16,942 [ERROR] LogOutputStream:74 - [STDERR_REDIRECT] 	at com.st.components.swing.MultiSpanCellTableUI.paintRow(CellTableModel.java:195)
2023-05-08 10:56:16,944 [ERROR] LogOutputStream:74 - [STDERR_REDIRECT] 	at com.st.components.swing.MultiSpanCellTableUI.paint(CellTableModel.java:168)
2023-05-08 10:56:16,944 [ERROR] LogOutputStream:74 - [STDERR_REDIRECT] 	at javax.swing.plaf.ComponentUI.update(ComponentUI.java:161)
2023-05-08 10:56:16,945 [ERROR] LogOutputStream:74 - [STDERR_REDIRECT] 	at javax.swing.JComponent.paintComponent(JComponent.java:780)
2023-05-08 10:56:16,946 [ERROR] LogOutputStream:74 - [STDERR_REDIRECT] 	at javax.swing.JComponent.paint(JComponent.java:1056)
2023-05-08 10:56:16,947 [ERROR] LogOutputStream:74 - [STDERR_REDIRECT] 	at javax.swing.JComponent.paintToOffscreen(JComponent.java:5210)
2023-05-08 10:56:16,948 [ERROR] LogOutputStream:74 - [STDERR_REDIRECT] 	at javax.swing.RepaintManager$PaintManager.paintDoubleBuffered(RepaintManager.java:1579)
2023-05-08 10:56:16,950 [ERROR] LogOutputStream:74 - [STDERR_REDIRECT] 	at javax.swing.RepaintManager$PaintManager.paint(RepaintManager.java:1502)
2023-05-08 10:56:16,951 [ERROR] LogOutputStream:74 - [STDERR_REDIRECT] 	at javax.swing.RepaintManager.paint(RepaintManager.java:1272)
2023-05-08 10:56:16,952 [ERROR] LogOutputStream:74 - [STDERR_REDIRECT] 	at javax.swing.JComponent.paintForceDoubleBuffered(JComponent.java:1092)
2023-05-08 10:56:16,953 [ERROR] LogOutputStream:74 - [STDERR_REDIRECT] 	at javax.swing.JViewport.blitDoubleBuffered(JViewport.java:1605)
2023-05-08 10:56:16,954 [ERROR] LogOutputStream:74 - [STDERR_REDIRECT] 	at javax.swing.JViewport.windowBlitPaint(JViewport.java:1558)
2023-05-08 10:56:16,955 [ERROR] LogOutputStream:74 - [STDERR_REDIRECT] 	at javax.swing.JViewport.setViewPosition(JViewport.java:1100)
2023-05-08 10:56:16,957 [ERROR] LogOutputStream:74 - [STDERR_REDIRECT] 	at javax.swing.plaf.basic.BasicScrollPaneUI$Handler.vsbStateChanged(BasicScrollPaneUI.java:1055)
2023-05-08 10:56:16,958 [ERROR] LogOutputStream:74 - [STDERR_REDIRECT] 	at javax.swing.plaf.basic.BasicScrollPaneUI$Handler.stateChanged(BasicScrollPaneUI.java:1044)
2023-05-08 10:56:16,959 [ERROR] LogOutputStream:74 - [STDERR_REDIRECT] 	at javax.swing.DefaultBoundedRangeModel.fireStateChanged(DefaultBoundedRangeModel.java:364)
2023-05-08 10:56:16,961 [ERROR] LogOutputStream:74 - [STDERR_REDIRECT] 	at javax.swing.DefaultBoundedRangeModel.setRangeProperties(DefaultBoundedRangeModel.java:302)
2023-05-08 10:56:16,962 [ERROR] LogOutputStream:74 - [STDERR_REDIRECT] 	at javax.swing.DefaultBoundedRangeModel.setValue(DefaultBoundedRangeModel.java:168)
2023-05-08 10:56:16,963 [ERROR] LogOutputStream:74 - [STDERR_REDIRECT] 	at javax.swing.JScrollBar.setValue(JScrollBar.java:477)
2023-05-08 10:56:16,964 [ERROR] LogOutputStream:74 - [STDERR_REDIRECT] 	at javax.swing.plaf.basic.BasicScrollBarUI.scrollByUnits(BasicScrollBarUI.java:1026)
2023-05-08 10:56:16,965 [ERROR] LogOutputStream:74 - [STDERR_REDIRECT] 	at javax.swing.plaf.basic.BasicScrollPaneUI$Handler.mouseWheelMoved(BasicScrollPaneUI.java:1015)
2023-05-08 10:56:16,966 [ERROR] LogOutputStream:74 - [STDERR_REDIRECT] 	at java.awt.Component.processMouseWheelEvent(Component.java:6627)
2023-05-08 10:56:16,967 [ERROR] LogOutputStream:74 - [STDERR_REDIRECT] 	at java.awt.Component.processEvent(Component.java:6311)
2023-05-08 10:56:16,968 [ERROR] LogOutputStream:74 - [STDERR_REDIRECT] 	at java.awt.Container.processEvent(Container.java:2239)
2023-05-08 10:56:16,969 [ERROR] LogOutputStream:74 - [STDERR_REDIRECT] 	at java.awt.Component.dispatchEventImpl(Component.java:4889)
2023-05-08 10:56:16,970 [ERROR] LogOutputStream:74 - [STDERR_REDIRECT] 	at java.awt.Container.dispatchEventToSelf(Container.java:2321)
2023-05-08 10:56:16,971 [ERROR] LogOutputStream:74 - [STDERR_REDIRECT] 	at java.awt.Component.dispatchMouseWheelToAncestor(Component.java:5048)
2023-05-08 10:56:16,972 [ERROR] LogOutputStream:74 - [STDERR_REDIRECT] 	at java.awt.Component.dispatchEventImpl(Component.java:4776)
2023-05-08 10:56:16,973 [ERROR] LogOutputStream:74 - [STDERR_REDIRECT] 	at java.awt.Container.dispatchEventImpl(Container.java:2297)
2023-05-08 10:56:16,974 [ERROR] LogOutputStream:74 - [STDERR_REDIRECT] 	at java.awt.Component.dispatchEvent(Component.java:4711)
2023-05-08 10:56:16,975 [ERROR] LogOutputStream:74 - [STDERR_REDIRECT] 	at java.awt.LightweightDispatcher.retargetMouseEvent(Container.java:4904)
2023-05-08 10:56:16,976 [ERROR] LogOutputStream:74 - [STDERR_REDIRECT] 	at java.awt.LightweightDispatcher.processMouseEvent(Container.java:4564)
2023-05-08 10:56:16,977 [ERROR] LogOutputStream:74 - [STDERR_REDIRECT] 	at java.awt.LightweightDispatcher.dispatchEvent(Container.java:4476)
2023-05-08 10:56:16,978 [ERROR] LogOutputStream:74 - [STDERR_REDIRECT] 	at java.awt.Container.dispatchEventImpl(Container.java:2283)
2023-05-08 10:56:16,979 [ERROR] LogOutputStream:74 - [STDERR_REDIRECT] 	at java.awt.Component.dispatchEvent(Component.java:4711)
2023-05-08 10:56:16,980 [ERROR] LogOutputStream:74 - [STDERR_REDIRECT] 	at java.awt.EventQueue.dispatchEventImpl(EventQueue.java:760)
2023-05-08 10:56:16,980 [ERROR] LogOutputStream:74 - [STDERR_REDIRECT] 	at java.awt.EventQueue.access$500(EventQueue.java:97)
2023-05-08 10:56:16,981 [ERROR] LogOutputStream:74 - [STDERR_REDIRECT] 	at java.awt.EventQueue$3.run(EventQueue.java:709)
2023-05-08 10:56:16,982 [ERROR] LogOutputStream:74 - [STDERR_REDIRECT] 	at java.awt.EventQueue$3.run(EventQueue.java:703)
2023-05-08 10:56:16,983 [ERROR] LogOutputStream:74 - [STDERR_REDIRECT] 	at java.security.AccessController.doPrivileged(Native Method)
2023-05-08 10:56:16,984 [ERROR] LogOutputStream:74 - [STDERR_REDIRECT] 	at java.security.ProtectionDomain$JavaSecurityAccessImpl.doIntersectionPrivilege(ProtectionDomain.java:74)
2023-05-08 10:56:16,986 [ERROR] LogOutputStream:74 - [STDERR_REDIRECT] 	at java.security.ProtectionDomain$JavaSecurityAccessImpl.doIntersectionPrivilege(ProtectionDomain.java:84)
2023-05-08 10:56:16,987 [ERROR] LogOutputStream:74 - [STDERR_REDIRECT] 	at java.awt.EventQueue$4.run(EventQueue.java:733)
2023-05-08 10:56:16,987 [ERROR] LogOutputStream:74 - [STDERR_REDIRECT] 	at java.awt.EventQueue$4.run(EventQueue.java:731)
2023-05-08 10:56:16,988 [ERROR] LogOutputStream:74 - [STDERR_REDIRECT] 	at java.security.AccessController.doPrivileged(Native Method)
2023-05-08 10:56:16,989 [ERROR] LogOutputStream:74 - [STDERR_REDIRECT] 	at java.security.ProtectionDomain$JavaSecurityAccessImpl.doIntersectionPrivilege(ProtectionDomain.java:74)
2023-05-08 10:56:16,990 [ERROR] LogOutputStream:74 - [STDERR_REDIRECT] 	at java.awt.EventQueue.dispatchEvent(EventQueue.java:730)
2023-05-08 10:56:16,991 [ERROR] LogOutputStream:74 - [STDERR_REDIRECT] 	at java.awt.EventDispatchThread.pumpOneEventForFilters(EventDispatchThread.java:205)
2023-05-08 10:56:16,993 [ERROR] LogOutputStream:74 - [STDERR_REDIRECT] 	at java.awt.EventDispatchThread.pumpEventsForFilter(EventDispatchThread.java:116)
2023-05-08 10:56:16,994 [ERROR] LogOutputStream:74 - [STDERR_REDIRECT] 	at java.awt.EventDispatchThread.pumpEventsForHierarchy(EventDispatchThread.java:105)
2023-05-08 10:56:16,995 [ERROR] LogOutputStream:74 - [STDERR_REDIRECT] 	at java.awt.EventDispatchThread.pumpEvents(EventDispatchThread.java:101)
2023-05-08 10:56:16,996 [ERROR] LogOutputStream:74 - [STDERR_REDIRECT] 	at java.awt.EventDispatchThread.pumpEvents(EventDispatchThread.java:93)
2023-05-08 10:56:16,996 [ERROR] LogOutputStream:74 - [STDERR_REDIRECT] 	at java.awt.EventDispatchThread.run(EventDispatchThread.java:82)
2023-05-08 10:56:17,008 [ERROR] LogOutputStream:74 - [STDERR_REDIRECT] Exception in thread "AWT-EventQueue-0" java.lang.ArrayIndexOutOfBoundsException: 50
2023-05-08 10:56:17,009 [ERROR] LogOutputStream:74 - [STDERR_REDIRECT] 	at com.st.microxplorer.mcufinder.gui.mcuselector.McuResultTable.getCellRenderer(McuResultTable.java:317)
2023-05-08 10:56:17,010 [ERROR] LogOutputStream:74 - [STDERR_REDIRECT] 	at com.st.components.swing.MultiSpanCellTableUI.paintCell(CellTableModel.java:220)
2023-05-08 10:56:17,011 [ERROR] LogOutputStream:74 - [STDERR_REDIRECT] 	at com.st.components.swing.MultiSpanCellTableUI.paintRow(CellTableModel.java:195)
2023-05-08 10:56:17,013 [ERROR] LogOutputStream:74 - [STDERR_REDIRECT] 	at com.st.components.swing.MultiSpanCellTableUI.paint(CellTableModel.java:168)
2023-05-08 10:56:17,014 [ERROR] LogOutputStream:74 - [STDERR_REDIRECT] 	at javax.swing.plaf.ComponentUI.update(ComponentUI.java:161)
2023-05-08 10:56:17,014 [ERROR] LogOutputStream:74 - [STDERR_REDIRECT] 	at javax.swing.JComponent.paintComponent(JComponent.java:780)
2023-05-08 10:56:17,015 [ERROR] LogOutputStream:74 - [STDERR_REDIRECT] 	at javax.swing.JComponent.paint(JComponent.java:1056)
2023-05-08 10:56:17,016 [ERROR] LogOutputStream:74 - [STDERR_REDIRECT] 	at javax.swing.JComponent.paintChildren(JComponent.java:889)
2023-05-08 10:56:17,017 [ERROR] LogOutputStream:74 - [STDERR_REDIRECT] 	at javax.swing.JComponent.paint(JComponent.java:1065)
2023-05-08 10:56:17,018 [ERROR] LogOutputStream:74 - [STDERR_REDIRECT] 	at javax.swing.JViewport.paint(JViewport.java:728)
2023-05-08 10:56:17,019 [ERROR] LogOutputStream:74 - [STDERR_REDIRECT] 	at javax.swing.JComponent.paintChildren(JComponent.java:889)
2023-05-08 10:56:17,019 [ERROR] LogOutputStream:74 - [STDERR_REDIRECT] 	at javax.swing.JComponent.paint(JComponent.java:1065)
2023-05-08 10:56:17,020 [ERROR] LogOutputStream:74 - [STDERR_REDIRECT] 	at javax.swing.JComponent.paintToOffscreen(JComponent.java:5210)
2023-05-08 10:56:17,022 [ERROR] LogOutputStream:74 - [STDERR_REDIRECT] 	at javax.swing.RepaintManager$PaintManager.paintDoubleBuffered(RepaintManager.java:1579)
2023-05-08 10:56:17,023 [ERROR] LogOutputStream:74 - [STDERR_REDIRECT] 	at javax.swing.RepaintManager$PaintManager.paint(RepaintManager.java:1502)
2023-05-08 10:56:17,024 [ERROR] LogOutputStream:74 - [STDERR_REDIRECT] 	at javax.swing.RepaintManager.paint(RepaintManager.java:1272)
2023-05-08 10:56:17,024 [ERROR] LogOutputStream:74 - [STDERR_REDIRECT] 	at javax.swing.JComponent._paintImmediately(JComponent.java:5158)
2023-05-08 10:56:17,025 [ERROR] LogOutputStream:74 - [STDERR_REDIRECT] 	at javax.swing.JComponent.paintImmediately(JComponent.java:4969)
2023-05-08 10:56:17,026 [ERROR] LogOutputStream:74 - [STDERR_REDIRECT] 	at javax.swing.RepaintManager$4.run(RepaintManager.java:831)
2023-05-08 10:56:17,027 [ERROR] LogOutputStream:74 - [STDERR_REDIRECT] 	at javax.swing.RepaintManager$4.run(RepaintManager.java:814)
2023-05-08 10:56:17,028 [ERROR] LogOutputStream:74 - [STDERR_REDIRECT] 	at java.security.AccessController.doPrivileged(Native Method)
2023-05-08 10:56:17,030 [ERROR] LogOutputStream:74 - [STDERR_REDIRECT] 	at java.security.ProtectionDomain$JavaSecurityAccessImpl.doIntersectionPrivilege(ProtectionDomain.java:74)
2023-05-08 10:56:17,031 [ERROR] LogOutputStream:74 - [STDERR_REDIRECT] 	at javax.swing.RepaintManager.paintDirtyRegions(RepaintManager.java:814)
2023-05-08 10:56:17,032 [ERROR] LogOutputStream:74 - [STDERR_REDIRECT] 	at javax.swing.RepaintManager.paintDirtyRegions(RepaintManager.java:789)
2023-05-08 10:56:17,033 [ERROR] LogOutputStream:74 - [STDERR_REDIRECT] 	at javax.swing.RepaintManager.prePaintDirtyRegions(RepaintManager.java:738)
2023-05-08 10:56:17,034 [ERROR] LogOutputStream:74 - [STDERR_REDIRECT] 	at javax.swing.RepaintManager.access$1200(RepaintManager.java:64)
2023-05-08 10:56:17,035 [ERROR] LogOutputStream:74 - [STDERR_REDIRECT] 	at javax.swing.RepaintManager$ProcessingRunnable.run(RepaintManager.java:1732)
2023-05-08 10:56:17,036 [ERROR] LogOutputStream:74 - [STDERR_REDIRECT] 	at java.awt.event.InvocationEvent.dispatch(InvocationEvent.java:311)
2023-05-08 10:56:17,037 [ERROR] LogOutputStream:74 - [STDERR_REDIRECT] 	at java.awt.EventQueue.dispatchEventImpl(EventQueue.java:758)
2023-05-08 10:56:17,037 [ERROR] LogOutputStream:74 - [STDERR_REDIRECT] 	at java.awt.EventQueue.access$500(EventQueue.java:97)
2023-05-08 10:56:17,038 [ERROR] LogOutputStream:74 - [STDERR_REDIRECT] 	at java.awt.EventQueue$3.run(EventQueue.java:709)
2023-05-08 10:56:17,039 [ERROR] LogOutputStream:74 - [STDERR_REDIRECT] 	at java.awt.EventQueue$3.run(EventQueue.java:703)
2023-05-08 10:56:17,040 [ERROR] LogOutputStream:74 - [STDERR_REDIRECT] 	at java.security.AccessController.doPrivileged(Native Method)
2023-05-08 10:56:17,041 [ERROR] LogOutputStream:74 - [STDERR_REDIRECT] 	at java.security.ProtectionDomain$JavaSecurityAccessImpl.doIntersectionPrivilege(ProtectionDomain.java:74)
2023-05-08 10:56:17,042 [ERROR] LogOutputStream:74 - [STDERR_REDIRECT] 	at java.awt.EventQueue.dispatchEvent(EventQueue.java:728)
2023-05-08 10:56:17,043 [ERROR] LogOutputStream:74 - [STDERR_REDIRECT] 	at java.awt.EventDispatchThread.pumpOneEventForFilters(EventDispatchThread.java:205)
2023-05-08 10:56:17,044 [ERROR] LogOutputStream:74 - [STDERR_REDIRECT] 	at java.awt.EventDispatchThread.pumpEventsForFilter(EventDispatchThread.java:116)
2023-05-08 10:56:17,045 [ERROR] LogOutputStream:74 - [STDERR_REDIRECT] 	at java.awt.EventDispatchThread.pumpEventsForHierarchy(EventDispatchThread.java:105)
2023-05-08 10:56:17,046 [ERROR] LogOutputStream:74 - [STDERR_REDIRECT] 	at java.awt.EventDispatchThread.pumpEvents(EventDispatchThread.java:101)
2023-05-08 10:56:17,047 [ERROR] LogOutputStream:74 - [STDERR_REDIRECT] 	at java.awt.EventDispatchThread.pumpEvents(EventDispatchThread.java:93)
2023-05-08 10:56:17,048 [ERROR] LogOutputStream:74 - [STDERR_REDIRECT] 	at java.awt.EventDispatchThread.run(EventDispatchThread.java:82)
2023-05-08 10:56:17,050 [ERROR] LogOutputStream:74 - [STDERR_REDIRECT] Exception in thread "AWT-EventQueue-0" java.lang.ArrayIndexOutOfBoundsException: 50
2023-05-08 10:56:17,052 [ERROR] LogOutputStream:74 - [STDERR_REDIRECT] 	at com.st.microxplorer.mcufinder.gui.mcuselector.McuResultTable.getCellRenderer(McuResultTable.java:317)
2023-05-08 10:56:17,053 [ERROR] LogOutputStream:74 - [STDERR_REDIRECT] 	at com.st.components.swing.MultiSpanCellTableUI.paintCell(CellTableModel.java:220)
2023-05-08 10:56:17,054 [ERROR] LogOutputStream:74 - [STDERR_REDIRECT] 	at com.st.components.swing.MultiSpanCellTableUI.paintRow(CellTableModel.java:195)
2023-05-08 10:56:17,055 [ERROR] LogOutputStream:74 - [STDERR_REDIRECT] 	at com.st.components.swing.MultiSpanCellTableUI.paint(CellTableModel.java:168)
2023-05-08 10:56:17,056 [ERROR] LogOutputStream:74 - [STDERR_REDIRECT] 	at javax.swing.plaf.ComponentUI.update(ComponentUI.java:161)
2023-05-08 10:56:17,056 [ERROR] LogOutputStream:74 - [STDERR_REDIRECT] 	at javax.swing.JComponent.paintComponent(JComponent.java:780)
2023-05-08 10:56:17,057 [ERROR] LogOutputStream:74 - [STDERR_REDIRECT] 	at javax.swing.JComponent.paint(JComponent.java:1056)
2023-05-08 10:56:17,058 [ERROR] LogOutputStream:74 - [STDERR_REDIRECT] 	at javax.swing.JComponent.paintToOffscreen(JComponent.java:5210)
2023-05-08 10:56:17,059 [ERROR] LogOutputStream:74 - [STDERR_REDIRECT] 	at javax.swing.RepaintManager$PaintManager.paintDoubleBuffered(RepaintManager.java:1579)
2023-05-08 10:56:17,060 [ERROR] LogOutputStream:74 - [STDERR_REDIRECT] 	at javax.swing.RepaintManager$PaintManager.paint(RepaintManager.java:1502)
2023-05-08 10:56:17,061 [ERROR] LogOutputStream:74 - [STDERR_REDIRECT] 	at javax.swing.RepaintManager.paint(RepaintManager.java:1272)
2023-05-08 10:56:17,062 [ERROR] LogOutputStream:74 - [STDERR_REDIRECT] 	at javax.swing.JComponent.paintForceDoubleBuffered(JComponent.java:1092)
2023-05-08 10:56:17,063 [ERROR] LogOutputStream:74 - [STDERR_REDIRECT] 	at javax.swing.JViewport.blitDoubleBuffered(JViewport.java:1605)
2023-05-08 10:56:17,064 [ERROR] LogOutputStream:74 - [STDERR_REDIRECT] 	at javax.swing.JViewport.windowBlitPaint(JViewport.java:1558)
2023-05-08 10:56:17,064 [ERROR] LogOutputStream:74 - [STDERR_REDIRECT] 	at javax.swing.JViewport.setViewPosition(JViewport.java:1100)
2023-05-08 10:56:17,066 [ERROR] LogOutputStream:74 - [STDERR_REDIRECT] 	at javax.swing.plaf.basic.BasicScrollPaneUI$Handler.vsbStateChanged(BasicScrollPaneUI.java:1055)
2023-05-08 10:56:17,067 [ERROR] LogOutputStream:74 - [STDERR_REDIRECT] 	at javax.swing.plaf.basic.BasicScrollPaneUI$Handler.stateChanged(BasicScrollPaneUI.java:1044)
2023-05-08 10:56:17,068 [ERROR] LogOutputStream:74 - [STDERR_REDIRECT] 	at javax.swing.DefaultBoundedRangeModel.fireStateChanged(DefaultBoundedRangeModel.java:364)
2023-05-08 10:56:17,069 [ERROR] LogOutputStream:74 - [STDERR_REDIRECT] 	at javax.swing.DefaultBoundedRangeModel.setRangeProperties(DefaultBoundedRangeModel.java:302)
2023-05-08 10:56:17,070 [ERROR] LogOutputStream:74 - [STDERR_REDIRECT] 	at javax.swing.DefaultBoundedRangeModel.setValue(DefaultBoundedRangeModel.java:168)
2023-05-08 10:56:17,071 [ERROR] LogOutputStream:74 - [STDERR_REDIRECT] 	at javax.swing.JScrollBar.setValue(JScrollBar.java:477)
2023-05-08 10:56:17,072 [ERROR] LogOutputStream:74 - [STDERR_REDIRECT] 	at javax.swing.plaf.basic.BasicScrollBarUI.scrollByUnits(BasicScrollBarUI.java:1026)
2023-05-08 10:56:17,074 [ERROR] LogOutputStream:74 - [STDERR_REDIRECT] 	at javax.swing.plaf.basic.BasicScrollPaneUI$Handler.mouseWheelMoved(BasicScrollPaneUI.java:1015)
2023-05-08 10:56:17,074 [ERROR] LogOutputStream:74 - [STDERR_REDIRECT] 	at java.awt.Component.processMouseWheelEvent(Component.java:6627)
2023-05-08 10:56:17,075 [ERROR] LogOutputStream:74 - [STDERR_REDIRECT] 	at java.awt.Component.processEvent(Component.java:6311)
2023-05-08 10:56:17,076 [ERROR] LogOutputStream:74 - [STDERR_REDIRECT] 	at java.awt.Container.processEvent(Container.java:2239)
2023-05-08 10:56:17,077 [ERROR] LogOutputStream:74 - [STDERR_REDIRECT] 	at java.awt.Component.dispatchEventImpl(Component.java:4889)
2023-05-08 10:56:17,078 [ERROR] LogOutputStream:74 - [STDERR_REDIRECT] 	at java.awt.Container.dispatchEventToSelf(Container.java:2321)
2023-05-08 10:56:17,079 [ERROR] LogOutputStream:74 - [STDERR_REDIRECT] 	at java.awt.Component.dispatchMouseWheelToAncestor(Component.java:5048)
2023-05-08 10:56:17,079 [ERROR] LogOutputStream:74 - [STDERR_REDIRECT] 	at java.awt.Component.dispatchEventImpl(Component.java:4776)
2023-05-08 10:56:17,080 [ERROR] LogOutputStream:74 - [STDERR_REDIRECT] 	at java.awt.Container.dispatchEventImpl(Container.java:2297)
2023-05-08 10:56:17,081 [ERROR] LogOutputStream:74 - [STDERR_REDIRECT] 	at java.awt.Component.dispatchEvent(Component.java:4711)
2023-05-08 10:56:17,082 [ERROR] LogOutputStream:74 - [STDERR_REDIRECT] 	at java.awt.LightweightDispatcher.retargetMouseEvent(Container.java:4904)
2023-05-08 10:56:17,083 [ERROR] LogOutputStream:74 - [STDERR_REDIRECT] 	at java.awt.LightweightDispatcher.processMouseEvent(Container.java:4564)
2023-05-08 10:56:17,084 [ERROR] LogOutputStream:74 - [STDERR_REDIRECT] 	at java.awt.LightweightDispatcher.dispatchEvent(Container.java:4476)
2023-05-08 10:56:17,085 [ERROR] LogOutputStream:74 - [STDERR_REDIRECT] 	at java.awt.Container.dispatchEventImpl(Container.java:2283)
2023-05-08 10:56:17,086 [ERROR] LogOutputStream:74 - [STDERR_REDIRECT] 	at java.awt.Component.dispatchEvent(Component.java:4711)
2023-05-08 10:56:17,086 [ERROR] LogOutputStream:74 - [STDERR_REDIRECT] 	at java.awt.EventQueue.dispatchEventImpl(EventQueue.java:760)
2023-05-08 10:56:17,087 [ERROR] LogOutputStream:74 - [STDERR_REDIRECT] 	at java.awt.EventQueue.access$500(EventQueue.java:97)
2023-05-08 10:56:17,088 [ERROR] LogOutputStream:74 - [STDERR_REDIRECT] 	at java.awt.EventQueue$3.run(EventQueue.java:709)
2023-05-08 10:56:17,089 [ERROR] LogOutputStream:74 - [STDERR_REDIRECT] 	at java.awt.EventQueue$3.run(EventQueue.java:703)
2023-05-08 10:56:17,090 [ERROR] LogOutputStream:74 - [STDERR_REDIRECT] 	at java.security.AccessController.doPrivileged(Native Method)
2023-05-08 10:56:17,091 [ERROR] LogOutputStream:74 - [STDERR_REDIRECT] 	at java.security.ProtectionDomain$JavaSecurityAccessImpl.doIntersectionPrivilege(ProtectionDomain.java:74)
2023-05-08 10:56:17,092 [ERROR] LogOutputStream:74 - [STDERR_REDIRECT] 	at java.security.ProtectionDomain$JavaSecurityAccessImpl.doIntersectionPrivilege(ProtectionDomain.java:84)
2023-05-08 10:56:17,093 [ERROR] LogOutputStream:74 - [STDERR_REDIRECT] 	at java.awt.EventQueue$4.run(EventQueue.java:733)
2023-05-08 10:56:17,094 [ERROR] LogOutputStream:74 - [STDERR_REDIRECT] 	at java.awt.EventQueue$4.run(EventQueue.java:731)
2023-05-08 10:56:17,095 [ERROR] LogOutputStream:74 - [STDERR_REDIRECT] 	at java.security.AccessController.doPrivileged(Native Method)
2023-05-08 10:56:17,096 [ERROR] LogOutputStream:74 - [STDERR_REDIRECT] 	at java.security.ProtectionDomain$JavaSecurityAccessImpl.doIntersectionPrivilege(ProtectionDomain.java:74)
2023-05-08 10:56:17,097 [ERROR] LogOutputStream:74 - [STDERR_REDIRECT] 	at java.awt.EventQueue.dispatchEvent(EventQueue.java:730)
2023-05-08 10:56:17,098 [ERROR] LogOutputStream:74 - [STDERR_REDIRECT] 	at java.awt.EventDispatchThread.pumpOneEventForFilters(EventDispatchThread.java:205)
2023-05-08 10:56:17,099 [ERROR] LogOutputStream:74 - [STDERR_REDIRECT] 	at java.awt.EventDispatchThread.pumpEventsForFilter(EventDispatchThread.java:116)
2023-05-08 10:56:17,100 [ERROR] LogOutputStream:74 - [STDERR_REDIRECT] 	at java.awt.EventDispatchThread.pumpEventsForHierarchy(EventDispatchThread.java:105)
2023-05-08 10:56:17,101 [ERROR] LogOutputStream:74 - [STDERR_REDIRECT] 	at java.awt.EventDispatchThread.pumpEvents(EventDispatchThread.java:101)
2023-05-08 10:56:17,102 [ERROR] LogOutputStream:74 - [STDERR_REDIRECT] 	at java.awt.EventDispatchThread.pumpEvents(EventDispatchThread.java:93)
2023-05-08 10:56:17,103 [ERROR] LogOutputStream:74 - [STDERR_REDIRECT] 	at java.awt.EventDispatchThread.run(EventDispatchThread.java:82)
2023-05-08 10:56:17,115 [ERROR] LogOutputStream:74 - [STDERR_REDIRECT] Exception in thread "AWT-EventQueue-0" java.lang.ArrayIndexOutOfBoundsException: 50
2023-05-08 10:56:17,117 [ERROR] LogOutputStream:74 - [STDERR_REDIRECT] 	at com.st.microxplorer.mcufinder.gui.mcuselector.McuResultTable.getCellRenderer(McuResultTable.java:317)
2023-05-08 10:56:17,118 [ERROR] LogOutputStream:74 - [STDERR_REDIRECT] 	at com.st.components.swing.MultiSpanCellTableUI.paintCell(CellTableModel.java:220)
2023-05-08 10:56:17,119 [ERROR] LogOutputStream:74 - [STDERR_REDIRECT] 	at com.st.components.swing.MultiSpanCellTableUI.paintRow(CellTableModel.java:195)
2023-05-08 10:56:17,120 [ERROR] LogOutputStream:74 - [STDERR_REDIRECT] 	at com.st.components.swing.MultiSpanCellTableUI.paint(CellTableModel.java:168)
2023-05-08 10:56:17,121 [ERROR] LogOutputStream:74 - [STDERR_REDIRECT] 	at javax.swing.plaf.ComponentUI.update(ComponentUI.java:161)
2023-05-08 10:56:17,122 [ERROR] LogOutputStream:74 - [STDERR_REDIRECT] 	at javax.swing.JComponent.paintComponent(JComponent.java:780)
2023-05-08 10:56:17,123 [ERROR] LogOutputStream:74 - [STDERR_REDIRECT] 	at javax.swing.JComponent.paint(JComponent.java:1056)
2023-05-08 10:56:17,124 [ERROR] LogOutputStream:74 - [STDERR_REDIRECT] 	at javax.swing.JComponent.paintChildren(JComponent.java:889)
2023-05-08 10:56:17,124 [ERROR] LogOutputStream:74 - [STDERR_REDIRECT] 	at javax.swing.JComponent.paint(JComponent.java:1065)
2023-05-08 10:56:17,125 [ERROR] LogOutputStream:74 - [STDERR_REDIRECT] 	at javax.swing.JViewport.paint(JViewport.java:728)
2023-05-08 10:56:17,126 [ERROR] LogOutputStream:74 - [STDERR_REDIRECT] 	at javax.swing.JComponent.paintChildren(JComponent.java:889)
2023-05-08 10:56:17,127 [ERROR] LogOutputStream:74 - [STDERR_REDIRECT] 	at javax.swing.JComponent.paint(JComponent.java:1065)
2023-05-08 10:56:17,128 [ERROR] LogOutputStream:74 - [STDERR_REDIRECT] 	at javax.swing.JComponent.paintToOffscreen(JComponent.java:5210)
2023-05-08 10:56:17,129 [ERROR] LogOutputStream:74 - [STDERR_REDIRECT] 	at javax.swing.RepaintManager$PaintManager.paintDoubleBuffered(RepaintManager.java:1579)
2023-05-08 10:56:17,130 [ERROR] LogOutputStream:74 - [STDERR_REDIRECT] 	at javax.swing.RepaintManager$PaintManager.paint(RepaintManager.java:1502)
2023-05-08 10:56:17,130 [ERROR] LogOutputStream:74 - [STDERR_REDIRECT] 	at javax.swing.RepaintManager.paint(RepaintManager.java:1272)
2023-05-08 10:56:17,131 [ERROR] LogOutputStream:74 - [STDERR_REDIRECT] 	at javax.swing.JComponent._paintImmediately(JComponent.java:5158)
2023-05-08 10:56:17,132 [ERROR] LogOutputStream:74 - [STDERR_REDIRECT] 	at javax.swing.JComponent.paintImmediately(JComponent.java:4969)
2023-05-08 10:56:17,133 [ERROR] LogOutputStream:74 - [STDERR_REDIRECT] 	at javax.swing.RepaintManager$4.run(RepaintManager.java:831)
2023-05-08 10:56:17,134 [ERROR] LogOutputStream:74 - [STDERR_REDIRECT] 	at javax.swing.RepaintManager$4.run(RepaintManager.java:814)
2023-05-08 10:56:17,135 [ERROR] LogOutputStream:74 - [STDERR_REDIRECT] 	at java.security.AccessController.doPrivileged(Native Method)
2023-05-08 10:56:17,136 [ERROR] LogOutputStream:74 - [STDERR_REDIRECT] 	at java.security.ProtectionDomain$JavaSecurityAccessImpl.doIntersectionPrivilege(ProtectionDomain.java:74)
2023-05-08 10:56:17,137 [ERROR] LogOutputStream:74 - [STDERR_REDIRECT] 	at javax.swing.RepaintManager.paintDirtyRegions(RepaintManager.java:814)
2023-05-08 10:56:17,138 [ERROR] LogOutputStream:74 - [STDERR_REDIRECT] 	at javax.swing.RepaintManager.paintDirtyRegions(RepaintManager.java:789)
2023-05-08 10:56:17,139 [ERROR] LogOutputStream:74 - [STDERR_REDIRECT] 	at javax.swing.RepaintManager.prePaintDirtyRegions(RepaintManager.java:738)
2023-05-08 10:56:17,140 [ERROR] LogOutputStream:74 - [STDERR_REDIRECT] 	at javax.swing.RepaintManager.access$1200(RepaintManager.java:64)
2023-05-08 10:56:17,141 [ERROR] LogOutputStream:74 - [STDERR_REDIRECT] 	at javax.swing.RepaintManager$ProcessingRunnable.run(RepaintManager.java:1732)
2023-05-08 10:56:17,142 [ERROR] LogOutputStream:74 - [STDERR_REDIRECT] 	at java.awt.event.InvocationEvent.dispatch(InvocationEvent.java:311)
2023-05-08 10:56:17,143 [ERROR] LogOutputStream:74 - [STDERR_REDIRECT] 	at java.awt.EventQueue.dispatchEventImpl(EventQueue.java:758)
2023-05-08 10:56:17,143 [ERROR] LogOutputStream:74 - [STDERR_REDIRECT] 	at java.awt.EventQueue.access$500(EventQueue.java:97)
2023-05-08 10:56:17,144 [ERROR] LogOutputStream:74 - [STDERR_REDIRECT] 	at java.awt.EventQueue$3.run(EventQueue.java:709)
2023-05-08 10:56:17,145 [ERROR] LogOutputStream:74 - [STDERR_REDIRECT] 	at java.awt.EventQueue$3.run(EventQueue.java:703)
2023-05-08 10:56:17,146 [ERROR] LogOutputStream:74 - [STDERR_REDIRECT] 	at java.security.AccessController.doPrivileged(Native Method)
2023-05-08 10:56:17,147 [ERROR] LogOutputStream:74 - [STDERR_REDIRECT] 	at java.security.ProtectionDomain$JavaSecurityAccessImpl.doIntersectionPrivilege(ProtectionDomain.java:74)
2023-05-08 10:56:17,148 [ERROR] LogOutputStream:74 - [STDERR_REDIRECT] 	at java.awt.EventQueue.dispatchEvent(EventQueue.java:728)
2023-05-08 10:56:17,149 [ERROR] LogOutputStream:74 - [STDERR_REDIRECT] 	at java.awt.EventDispatchThread.pumpOneEventForFilters(EventDispatchThread.java:205)
2023-05-08 10:56:17,150 [ERROR] LogOutputStream:74 - [STDERR_REDIRECT] 	at java.awt.EventDispatchThread.pumpEventsForFilter(EventDispatchThread.java:116)
2023-05-08 10:56:17,151 [ERROR] LogOutputStream:74 - [STDERR_REDIRECT] 	at java.awt.EventDispatchThread.pumpEventsForHierarchy(EventDispatchThread.java:105)
2023-05-08 10:56:17,152 [ERROR] LogOutputStream:74 - [STDERR_REDIRECT] 	at java.awt.EventDispatchThread.pumpEvents(EventDispatchThread.java:101)
2023-05-08 10:56:17,153 [ERROR] LogOutputStream:74 - [STDERR_REDIRECT] 	at java.awt.EventDispatchThread.pumpEvents(EventDispatchThread.java:93)
2023-05-08 10:56:17,154 [ERROR] LogOutputStream:74 - [STDERR_REDIRECT] 	at java.awt.EventDispatchThread.run(EventDispatchThread.java:82)
2023-05-08 10:56:17,338 [ERROR] LogOutputStream:74 - [STDERR_REDIRECT] Exception in thread "AWT-EventQueue-0" java.lang.ArrayIndexOutOfBoundsException
2023-05-08 10:56:17,350 [ERROR] LogOutputStream:74 - [STDERR_REDIRECT] Exception in thread "AWT-EventQueue-0" java.lang.ArrayIndexOutOfBoundsException
2023-05-08 10:56:51,488 [FATAL] CtxDocDbReader:176 - NullPointerException occurs because XML content is empty ? : 
2023-05-08 10:56:51,488 [ERROR] CtxDoc:281 - the reference STM32WL does not exists in contextual documentation database
2023-05-08 10:56:51,492 [FATAL] CtxDocDbReader:176 - NullPointerException occurs because XML content is empty ? : 
2023-05-08 10:56:51,492 [ERROR] CtxDoc:318 - the reference STM32WL does not exists in contextual documentation database
2023-05-08 10:57:11,909 [INFO] ApiDb:226 - Save user favorites file C:\Users\ARAFA/.stm32cubeide/favorites.mcus.txt: 0 item(s)
2023-05-08 10:57:11,909 [INFO] ApiDb:230 - User favorites MCUs=[]
