2023-07-30 07:48:50,081 [INFO] Activator:178 - 


2023-07-30 07:48:50,086 [INFO] Activator:179 - !SESSION log4j initialized
2023-07-30 07:48:57,729 [INFO] ApplicationProperties:181 - Using Application install path: C:\ST\STM32CubeIDE_1.4.0\STM32CubeIDE\plugins\com.st.stm32cube.common.mx_6.0.0.202007160824
2023-07-30 07:48:57,744 [INFO] DbMcusXml:70 - Set database path to: C:\ST\STM32CubeIDE_1.4.0\STM32CubeIDE\plugins\com.st.stm32cube.common.mx_6.0.0.202007160824\\db\/mcu/
2023-07-30 07:48:57,748 [INFO] DbBoardsPdsc:56 - Set plugin database path to: C:\ST\STM32CubeIDE_1.4.0\STM32CubeIDE\plugins\com.st.stm32cube.common.mx_6.0.0.202007160824\\db\/plugins/boardmanager/
2023-07-30 07:48:57,749 [INFO] DbMcus:258 - Set plugin images path to: C:\ST\STM32CubeIDE_1.4.0\STM32CubeIDE\plugins\com.st.stm32cube.common.mx_6.0.0.202007160824\\db\/plugins/mcufinder/images/
2023-07-30 07:48:57,751 [INFO] DbBoards:264 - Set plugin images path to: C:\ST\STM32CubeIDE_1.4.0\STM32CubeIDE\plugins\com.st.stm32cube.common.mx_6.0.0.202007160824\\db\/plugins/mcufinder/images/
2023-07-30 07:48:57,754 [INFO] DbExamples:326 - Set plugin images path to: C:\ST\STM32CubeIDE_1.4.0\STM32CubeIDE\plugins\com.st.stm32cube.common.mx_6.0.0.202007160824\\db\/plugins/mcufinder/images/
2023-07-30 07:48:57,765 [INFO] DbMcusDocs:112 - Set database path to: C:\Users\ARAFA\.stmcufinder\plugins\mcufinder//mcu/
2023-07-30 07:48:57,767 [INFO] DbMcusJson:63 - Set database path to: C:\Users\ARAFA\.stmcufinder\plugins\mcufinder//mcu/
2023-07-30 07:48:57,768 [INFO] DbBoardsDocs:112 - Set database path to: C:\Users\ARAFA\.stmcufinder\plugins\mcufinder//mcu/
2023-07-30 07:48:57,770 [INFO] DbBoardsJson:56 - Set database path to: C:\Users\ARAFA\.stmcufinder\plugins\mcufinder//mcu/
2023-07-30 07:48:57,773 [INFO] CrossReferenceDbSqlite:196 - Set database path to: C:\Users\ARAFA\.stmcufinder\plugins\mcufinder//mcu/cs/
2023-07-30 07:48:57,776 [INFO] DbExamplesSqlite:800 - Set database path to: C:\Users\ARAFA\.stmcufinder\plugins\mcufinder//mcu/
2023-07-30 07:48:57,962 [INFO] RulesReader:52 - Compatibility file has been processed (209 Rules)
2023-07-30 07:48:58,084 [INFO] MicroXplorer:564 - Detected Java Version = 1.8.0_252
2023-07-30 07:48:58,085 [INFO] DbMcusXml:70 - Set database path to: C:\ST\STM32CubeIDE_1.4.0\STM32CubeIDE\plugins\com.st.stm32cube.common.mx_6.0.0.202007160824\\db\/mcu/
2023-07-30 07:48:58,085 [INFO] DbBoardsPdsc:56 - Set plugin database path to: C:\ST\STM32CubeIDE_1.4.0\STM32CubeIDE\plugins\com.st.stm32cube.common.mx_6.0.0.202007160824\\db\/plugins/boardmanager/
2023-07-30 07:48:58,086 [INFO] DbMcus:258 - Set plugin images path to: C:\ST\STM32CubeIDE_1.4.0\STM32CubeIDE\plugins\com.st.stm32cube.common.mx_6.0.0.202007160824\\db\/plugins/mcufinder/images/
2023-07-30 07:48:58,087 [INFO] DbBoards:264 - Set plugin images path to: C:\ST\STM32CubeIDE_1.4.0\STM32CubeIDE\plugins\com.st.stm32cube.common.mx_6.0.0.202007160824\\db\/plugins/mcufinder/images/
2023-07-30 07:48:58,087 [INFO] DbExamples:326 - Set plugin images path to: C:\ST\STM32CubeIDE_1.4.0\STM32CubeIDE\plugins\com.st.stm32cube.common.mx_6.0.0.202007160824\\db\/plugins/mcufinder/images/
2023-07-30 07:48:58,087 [WARN] DbFile:36 - Overriding database path with different value: C:\Users\ARAFA\.stmcufinder\plugins\mcufinder/ => C:\Users\ARAFA\.stmcufinder\plugins\mcufinder
2023-07-30 07:48:58,087 [INFO] DbMcusDocs:112 - Set database path to: C:\Users\ARAFA\.stmcufinder\plugins\mcufinder//mcu/
2023-07-30 07:48:58,087 [WARN] DbFile:36 - Overriding database path with different value: C:\Users\ARAFA\.stmcufinder\plugins\mcufinder/ => C:\Users\ARAFA\.stmcufinder\plugins\mcufinder
2023-07-30 07:48:58,088 [INFO] DbMcusJson:63 - Set database path to: C:\Users\ARAFA\.stmcufinder\plugins\mcufinder//mcu/
2023-07-30 07:48:58,088 [WARN] DbFile:36 - Overriding database path with different value: C:\Users\ARAFA\.stmcufinder\plugins\mcufinder/ => C:\Users\ARAFA\.stmcufinder\plugins\mcufinder
2023-07-30 07:48:58,088 [INFO] DbBoardsDocs:112 - Set database path to: C:\Users\ARAFA\.stmcufinder\plugins\mcufinder//mcu/
2023-07-30 07:48:58,088 [WARN] DbFile:36 - Overriding database path with different value: C:\Users\ARAFA\.stmcufinder\plugins\mcufinder/ => C:\Users\ARAFA\.stmcufinder\plugins\mcufinder
2023-07-30 07:48:58,088 [INFO] DbBoardsJson:56 - Set database path to: C:\Users\ARAFA\.stmcufinder\plugins\mcufinder//mcu/
2023-07-30 07:48:58,088 [WARN] DbFile:36 - Overriding database path with different value: C:\Users\ARAFA\.stmcufinder\plugins\mcufinder/ => C:\Users\ARAFA\.stmcufinder\plugins\mcufinder
2023-07-30 07:48:58,088 [WARN] DbFile:36 - Overriding database path with different value: C:\Users\ARAFA\.stmcufinder\plugins\mcufinder/ => C:\Users\ARAFA\.stmcufinder\plugins\mcufinder
2023-07-30 07:48:58,089 [INFO] CrossReferenceDbSqlite:196 - Set database path to: C:\Users\ARAFA\.stmcufinder\plugins\mcufinder//mcu/cs/
2023-07-30 07:48:58,089 [WARN] DbFile:36 - Overriding database path with different value: C:\Users\ARAFA\.stmcufinder\plugins\mcufinder/ => C:\Users\ARAFA\.stmcufinder\plugins\mcufinder
2023-07-30 07:48:58,089 [INFO] DbExamplesSqlite:800 - Set database path to: C:\Users\ARAFA\.stmcufinder\plugins\mcufinder//mcu/
2023-07-30 07:48:58,160 [INFO] MainPanel:189 - HeapMemory: 268435456
2023-07-30 07:48:58,243 [INFO] DbMcusXml:70 - Set database path to: C:\ST\STM32CubeIDE_1.4.0\STM32CubeIDE\plugins\com.st.stm32cube.common.mx_6.0.0.202007160824\\db\/mcu/
2023-07-30 07:48:58,244 [INFO] DbBoardsPdsc:56 - Set plugin database path to: C:\ST\STM32CubeIDE_1.4.0\STM32CubeIDE\plugins\com.st.stm32cube.common.mx_6.0.0.202007160824\\db\/plugins/boardmanager/
2023-07-30 07:48:58,244 [INFO] DbMcus:258 - Set plugin images path to: C:\ST\STM32CubeIDE_1.4.0\STM32CubeIDE\plugins\com.st.stm32cube.common.mx_6.0.0.202007160824\\db\/plugins/mcufinder/images/
2023-07-30 07:48:58,244 [INFO] DbBoards:264 - Set plugin images path to: C:\ST\STM32CubeIDE_1.4.0\STM32CubeIDE\plugins\com.st.stm32cube.common.mx_6.0.0.202007160824\\db\/plugins/mcufinder/images/
2023-07-30 07:48:58,244 [INFO] DbExamples:326 - Set plugin images path to: C:\ST\STM32CubeIDE_1.4.0\STM32CubeIDE\plugins\com.st.stm32cube.common.mx_6.0.0.202007160824\\db\/plugins/mcufinder/images/
2023-07-30 07:48:58,245 [WARN] DbFile:36 - Overriding database path with different value: C:\Users\ARAFA\.stmcufinder\plugins\mcufinder/ => C:\Users\ARAFA\.stmcufinder\plugins\mcufinder
2023-07-30 07:48:58,245 [INFO] DbMcusDocs:112 - Set database path to: C:\Users\ARAFA\.stmcufinder\plugins\mcufinder//mcu/
2023-07-30 07:48:58,245 [WARN] DbFile:36 - Overriding database path with different value: C:\Users\ARAFA\.stmcufinder\plugins\mcufinder/ => C:\Users\ARAFA\.stmcufinder\plugins\mcufinder
2023-07-30 07:48:58,245 [INFO] DbMcusJson:63 - Set database path to: C:\Users\ARAFA\.stmcufinder\plugins\mcufinder//mcu/
2023-07-30 07:48:58,245 [WARN] DbFile:36 - Overriding database path with different value: C:\Users\ARAFA\.stmcufinder\plugins\mcufinder/ => C:\Users\ARAFA\.stmcufinder\plugins\mcufinder
2023-07-30 07:48:58,245 [INFO] DbBoardsDocs:112 - Set database path to: C:\Users\ARAFA\.stmcufinder\plugins\mcufinder//mcu/
2023-07-30 07:48:58,245 [WARN] DbFile:36 - Overriding database path with different value: C:\Users\ARAFA\.stmcufinder\plugins\mcufinder/ => C:\Users\ARAFA\.stmcufinder\plugins\mcufinder
2023-07-30 07:48:58,246 [INFO] DbBoardsJson:56 - Set database path to: C:\Users\ARAFA\.stmcufinder\plugins\mcufinder//mcu/
2023-07-30 07:48:58,246 [WARN] DbFile:36 - Overriding database path with different value: C:\Users\ARAFA\.stmcufinder\plugins\mcufinder/ => C:\Users\ARAFA\.stmcufinder\plugins\mcufinder
2023-07-30 07:48:58,246 [WARN] DbFile:36 - Overriding database path with different value: C:\Users\ARAFA\.stmcufinder\plugins\mcufinder/ => C:\Users\ARAFA\.stmcufinder\plugins\mcufinder
2023-07-30 07:48:58,246 [INFO] CrossReferenceDbSqlite:196 - Set database path to: C:\Users\ARAFA\.stmcufinder\plugins\mcufinder//mcu/cs/
2023-07-30 07:48:58,246 [WARN] DbFile:36 - Overriding database path with different value: C:\Users\ARAFA\.stmcufinder\plugins\mcufinder/ => C:\Users\ARAFA\.stmcufinder\plugins\mcufinder
2023-07-30 07:48:58,246 [INFO] DbExamplesSqlite:800 - Set database path to: C:\Users\ARAFA\.stmcufinder\plugins\mcufinder//mcu/
2023-07-30 07:48:58,268 [INFO] ApplicationProperties:181 - Using Application install path: C:\ST\STM32CubeIDE_1.4.0\STM32CubeIDE\plugins\com.st.stm32cube.common.mx_6.0.0.202007160824
2023-07-30 07:48:58,270 [INFO] PluginManage:178 - Search for loadable plugins [exclusion list=, ]
2023-07-30 07:48:58,272 [INFO] PluginManage:292 - Check plugin analytics
2023-07-30 07:48:58,430 [INFO] AnalyticsPlugin:203 - Accepted Software Licenses: 
2023-07-30 07:48:58,431 [INFO] AnalyticsPlugin:205 - Accepted CMSIS Pack Licenses: 
2023-07-30 07:48:58,431 [INFO] AnalyticsPlugin:207 - Accepted Firmware Licenses: 
2023-07-30 07:48:58,432 [INFO] PluginManage:342 - Loaded plugin analytics (category:tool,tabindex:-1)
2023-07-30 07:48:58,432 [INFO] PluginManage:292 - Check plugin clock
2023-07-30 07:48:58,457 [INFO] PluginManage:342 - Loaded plugin clock (category:base,tabindex:2)
2023-07-30 07:48:58,458 [INFO] PluginManage:292 - Check plugin ddr
2023-07-30 07:48:58,460 [INFO] PluginManage:342 - Loaded plugin ddr (category:tool,tabindex:6)
2023-07-30 07:48:58,460 [INFO] PluginManage:292 - Check plugin filemanager
2023-07-30 07:48:58,589 [INFO] PluginManage:342 - Loaded plugin filemanager (category:base,tabindex:10)
2023-07-30 07:48:58,589 [INFO] PluginManage:292 - Check plugin ipmanager
2023-07-30 07:48:58,607 [INFO] PluginManage:342 - Loaded plugin ipmanager (category:base,tabindex:5)
2023-07-30 07:48:58,607 [INFO] PluginManage:292 - Check plugin pinoutandconfiguration
2023-07-30 07:48:58,634 [INFO] PluginManage:342 - Loaded plugin pinoutandconfiguration (category:base,tabindex:1)
2023-07-30 07:48:58,634 [INFO] PluginManage:292 - Check plugin pinoutconfig
2023-07-30 07:48:58,672 [INFO] PluginManage:342 - Loaded plugin pinoutconfig (category:base,tabindex:0)
2023-07-30 07:48:58,673 [INFO] PluginManage:292 - Check plugin power
2023-07-30 07:48:58,695 [INFO] PluginManage:342 - Loaded plugin power (category:power,tabindex:4)
2023-07-30 07:48:58,695 [INFO] PluginManage:292 - Check plugin projectmanager
2023-07-30 07:48:58,713 [INFO] PluginManage:342 - Loaded plugin projectmanager (category:projectmanager,tabindex:3)
2023-07-30 07:48:58,713 [INFO] PluginManage:292 - Check plugin thirdparty
2023-07-30 07:48:58,887 [INFO] ThirdPartyDb:333 - Open Third Party DataBase File (C:/Users/ARAFA/.stm32cubemx/plugins/thirdparty/db/thirdparties_db.xml) : 66 ms. number of Sw pack : 49
2023-07-30 07:48:58,894 [INFO] PluginManage:342 - Loaded plugin thirdparty (category:base,tabindex:-1)
2023-07-30 07:48:58,894 [INFO] PluginManage:292 - Check plugin tools
2023-07-30 07:48:58,967 [INFO] PluginManage:342 - Loaded plugin tools (category:base,tabindex:7)
2023-07-30 07:48:58,968 [INFO] PluginManage:292 - Check plugin tutovideos
2023-07-30 07:48:59,199 [INFO] PluginManage:342 - Loaded plugin tutovideos (category:base,tabindex:-1)
2023-07-30 07:48:59,199 [INFO] PluginManage:292 - Check plugin updater
2023-07-30 07:48:59,213 [INFO] PluginManage:342 - Loaded plugin updater (category:base,tabindex:12)
2023-07-30 07:48:59,214 [INFO] PluginManage:265 - PluginManage : Loaded plugins [13]
2023-07-30 07:48:59,400 [INFO] PinOutPanel:1418 - setPackage(No Configuration,No Configuration)
2023-07-30 07:48:59,507 [INFO] IPUIPlugin:64 - create IPUIPlugin
2023-07-30 07:48:59,508 [INFO] PluginManager:200 - loadIPPluginJar : add adc
2023-07-30 07:48:59,566 [INFO] IPUIPlugin:64 - create IPUIPlugin
2023-07-30 07:48:59,566 [INFO] PluginManager:200 - loadIPPluginJar : add aes
2023-07-30 07:48:59,625 [INFO] IPUIPlugin:64 - create IPUIPlugin
2023-07-30 07:48:59,625 [INFO] PluginManager:200 - loadIPPluginJar : add can
2023-07-30 07:48:59,657 [INFO] IPUIPlugin:64 - create IPUIPlugin
2023-07-30 07:48:59,658 [INFO] PluginManager:200 - loadIPPluginJar : add comp
2023-07-30 07:48:59,697 [INFO] IPUIPlugin:64 - create IPUIPlugin
2023-07-30 07:48:59,697 [INFO] PluginManager:200 - loadIPPluginJar : add cryp
2023-07-30 07:48:59,737 [INFO] IPUIPlugin:64 - create IPUIPlugin
2023-07-30 07:48:59,737 [INFO] PluginManager:200 - loadIPPluginJar : add dfsdm
2023-07-30 07:48:59,752 [INFO] IPUIPlugin:64 - create IPUIPlugin
2023-07-30 07:48:59,753 [INFO] PluginManager:200 - loadIPPluginJar : add dma
2023-07-30 07:48:59,783 [INFO] IPUIPlugin:64 - create IPUIPlugin
2023-07-30 07:48:59,783 [INFO] PluginManager:200 - loadIPPluginJar : add fatfs
2023-07-30 07:48:59,841 [INFO] IPUIPlugin:64 - create IPUIPlugin
2023-07-30 07:48:59,842 [INFO] PluginManager:200 - loadIPPluginJar : add fmc
2023-07-30 07:48:59,856 [INFO] IPUIPlugin:64 - create IPUIPlugin
2023-07-30 07:48:59,857 [INFO] PluginManager:200 - loadIPPluginJar : add freertos
2023-07-30 07:48:59,885 [INFO] IPUIPlugin:64 - create IPUIPlugin
2023-07-30 07:48:59,886 [INFO] PluginManager:200 - loadIPPluginJar : add genericplugin
2023-07-30 07:48:59,980 [INFO] IPUIPlugin:64 - create IPUIPlugin
2023-07-30 07:48:59,981 [INFO] PluginManager:200 - loadIPPluginJar : add gfxmmu
2023-07-30 07:49:00,110 [INFO] IPUIPlugin:64 - create IPUIPlugin
2023-07-30 07:49:00,111 [INFO] PluginManager:200 - loadIPPluginJar : add gic
2023-07-30 07:49:00,124 [INFO] IPUIPlugin:64 - create IPUIPlugin
2023-07-30 07:49:00,124 [INFO] PluginManager:200 - loadIPPluginJar : add gpio
2023-07-30 07:49:00,193 [INFO] IPUIPlugin:64 - create IPUIPlugin
2023-07-30 07:49:00,193 [INFO] PluginManager:200 - loadIPPluginJar : add gtzc
2023-07-30 07:49:00,230 [INFO] IPUIPlugin:64 - create IPUIPlugin
2023-07-30 07:49:00,230 [INFO] PluginManager:200 - loadIPPluginJar : add hash
2023-07-30 07:49:00,289 [INFO] IPUIPlugin:64 - create IPUIPlugin
2023-07-30 07:49:00,290 [INFO] PluginManager:200 - loadIPPluginJar : add i2c
2023-07-30 07:49:00,341 [INFO] IPUIPlugin:64 - create IPUIPlugin
2023-07-30 07:49:00,341 [INFO] PluginManager:200 - loadIPPluginJar : add i2s
2023-07-30 07:49:00,354 [INFO] IPUIPlugin:64 - create IPUIPlugin
2023-07-30 07:49:00,354 [INFO] PluginManager:200 - loadIPPluginJar : add ipddr
2023-07-30 07:49:00,400 [INFO] IPUIPlugin:64 - create IPUIPlugin
2023-07-30 07:49:00,400 [INFO] PluginManager:200 - loadIPPluginJar : add ltdc
2023-07-30 07:49:00,413 [INFO] IPUIPlugin:64 - create IPUIPlugin
2023-07-30 07:49:00,413 [INFO] PluginManager:200 - loadIPPluginJar : add mdma
2023-07-30 07:49:00,425 [INFO] IPUIPlugin:64 - create IPUIPlugin
2023-07-30 07:49:00,426 [INFO] PluginManager:200 - loadIPPluginJar : add nvic
2023-07-30 07:49:00,469 [INFO] IPUIPlugin:64 - create IPUIPlugin
2023-07-30 07:49:00,469 [INFO] PluginManager:200 - loadIPPluginJar : add opamp
2023-07-30 07:49:00,538 [INFO] IPUIPlugin:64 - create IPUIPlugin
2023-07-30 07:49:00,538 [INFO] PluginManager:200 - loadIPPluginJar : add openamp
2023-07-30 07:49:00,588 [INFO] IPUIPlugin:64 - create IPUIPlugin
2023-07-30 07:49:00,588 [INFO] PluginManager:200 - loadIPPluginJar : add pdm2pcm
2023-07-30 07:49:00,604 [INFO] IPUIPlugin:64 - create IPUIPlugin
2023-07-30 07:49:00,606 [INFO] PluginManager:200 - loadIPPluginJar : add plateformsettings
2023-07-30 07:49:00,636 [INFO] IPUIPlugin:64 - create IPUIPlugin
2023-07-30 07:49:00,636 [INFO] PluginManager:200 - loadIPPluginJar : add quadspi
2023-07-30 07:49:00,650 [INFO] IPUIPlugin:64 - create IPUIPlugin
2023-07-30 07:49:00,651 [INFO] PluginManager:200 - loadIPPluginJar : add resmgrutility
2023-07-30 07:49:00,708 [INFO] IPUIPlugin:64 - create IPUIPlugin
2023-07-30 07:49:00,709 [INFO] PluginManager:200 - loadIPPluginJar : add sai
2023-07-30 07:49:00,754 [INFO] IPUIPlugin:64 - create IPUIPlugin
2023-07-30 07:49:00,754 [INFO] PluginManager:200 - loadIPPluginJar : add spi
2023-07-30 07:49:00,809 [INFO] IPUIPlugin:64 - create IPUIPlugin
2023-07-30 07:49:00,809 [INFO] PluginManager:200 - loadIPPluginJar : add stm32_wpan
2023-07-30 07:49:00,843 [INFO] IPUIPlugin:64 - create IPUIPlugin
2023-07-30 07:49:00,844 [INFO] PluginManager:200 - loadIPPluginJar : add tim
2023-07-30 07:49:00,910 [INFO] IPUIPlugin:64 - create IPUIPlugin
2023-07-30 07:49:00,911 [INFO] PluginManager:200 - loadIPPluginJar : add touchsensing
2023-07-30 07:49:00,940 [INFO] IPUIPlugin:64 - create IPUIPlugin
2023-07-30 07:49:00,941 [INFO] PluginManager:200 - loadIPPluginJar : add tracer_emb
2023-07-30 07:49:00,975 [INFO] IPUIPlugin:64 - create IPUIPlugin
2023-07-30 07:49:01,013 [INFO] PluginManager:200 - loadIPPluginJar : add ts
2023-07-30 07:49:01,044 [INFO] IPUIPlugin:64 - create IPUIPlugin
2023-07-30 07:49:01,044 [INFO] PluginManager:200 - loadIPPluginJar : add tsc
2023-07-30 07:49:01,077 [INFO] IPUIPlugin:64 - create IPUIPlugin
2023-07-30 07:49:01,078 [INFO] PluginManager:200 - loadIPPluginJar : add ucpd
2023-07-30 07:49:01,130 [INFO] IPUIPlugin:64 - create IPUIPlugin
2023-07-30 07:49:01,130 [INFO] PluginManager:200 - loadIPPluginJar : add usart
2023-07-30 07:49:01,743 [INFO] CubeProgrammer:457 - [DDR PANEL] - PathOfProgrammer: null
2023-07-30 07:49:02,554 [FATAL] Updater:282 - Updater called before beeing initialized
2023-07-30 07:49:02,788 [FATAL] Updater:282 - Updater called before beeing initialized
2023-07-30 07:49:02,789 [WARN] ThirdParty:775 - waiting for thirdparty lock release [close project]
2023-07-30 07:49:02,789 [INFO] ThirdParty:777 - entering critical section [close project]
2023-07-30 07:49:02,790 [INFO] ThirdParty:790 - exiting critical section [close project]
2023-07-30 07:49:02,792 [INFO] PinOutPanel:1418 - setPackage(No Configuration,No Configuration)
2023-07-30 07:49:02,793 [FATAL] Updater:282 - Updater called before beeing initialized
2023-07-30 07:49:02,805 [ERROR] Updater:967 - MainUpdater not yet initialized. External WinMGr cannot be set.
2023-07-30 07:49:02,806 [INFO] CubeProgrammer:457 - [DDR PANEL] - PathOfProgrammer: C:\ST\STM32CubeIDE_1.4.0\STM32CubeIDE\plugins\com.st.stm32cube.ide.mcu.externaltools.cubeprogrammer.win32_1.4.0.202007081208\tools\bin
2023-07-30 07:49:02,810 [INFO] ProgrammerExecThread:148 - [ProgrammerAPI] CubeProgrammer command construction: C:\ST\STM32CubeIDE_1.4.0\STM32CubeIDE\plugins\com.st.stm32cube.ide.mcu.externaltools.cubeprogrammer.win32_1.4.0.202007081208\tools\bin\STM32_Programmer_CLI.exe -l
2023-07-30 07:49:03,210 [INFO] MainDdrPanel:49 - [DDR PANEL] SETTER - Set cubeProgrammerPath to: C:\ST\STM32CubeIDE_1.4.0\STM32CubeIDE\plugins\com.st.stm32cube.ide.mcu.externaltools.cubeprogrammer.win32_1.4.0.202007081208\tools\bin
2023-07-30 07:49:03,322 [INFO] Updater:904 - Updater Version found : 6.0.0
2023-07-30 07:49:03,341 [INFO] ApplicationProperties:181 - Using Application install path: C:\ST\STM32CubeIDE_1.4.0\STM32CubeIDE\plugins\com.st.stm32cube.common.mx_6.0.0.202007160824
2023-07-30 07:49:03,906 [INFO] MainUpdater:2268 - connection check result : 10
2023-07-30 07:49:03,907 [INFO] MainUpdater:239 - Updater Check For Update Now.
2023-07-30 07:49:03,907 [INFO] MicroXplorer:414 - Change Database Version : DB.6.0.0
2023-07-30 07:49:03,991 [INFO] CheckServerUpdateThread:102 - End of CheckServer Thread
2023-07-30 07:49:04,042 [INFO] MainUpdater:2268 - connection check result : 10
2023-07-30 07:49:04,533 [INFO] McuFinderGlobals:40 - Set McuFinder mode to 2 (CubeIDE integrated)
2023-07-30 07:49:04,895 [WARN] IntegrityCheckThread:61 - waiting for thirdparty lock release [integrity check]
2023-07-30 07:49:04,895 [INFO] IntegrityCheckThread:63 - entering critical section [integrity check]
2023-07-30 07:49:04,906 [INFO] CrossSelectorPresenter:1330 - Cross Selector saved comparison directory: C:\Users\ARAFA\.stmcufinder\plugins\mcufinder\mcu\cs_comparisons_mx
2023-07-30 07:49:04,912 [INFO] MultiScanPanel:193 - Auto-refresh data requested => check proxy status ongoing
2023-07-30 07:49:04,916 [INFO] FinderPluginLoader:87 - Searching for filters in installed packs
2023-07-30 07:49:04,917 [INFO] DbMcusXml:100 - Load MCU database from C:\ST\STM32CubeIDE_1.4.0\STM32CubeIDE\plugins\com.st.stm32cube.common.mx_6.0.0.202007160824\\db\/mcu/families.xml
2023-07-30 07:49:05,453 [INFO] ThirdPartyDb:299 - Save Third Party DataBase File (C:/Users/ARAFA/.stm32cubemx/plugins/thirdparty/db/thirdparties_db.xml) [forced]
2023-07-30 07:49:05,599 [INFO] ThirdPartyDb:299 - Save Third Party DataBase File (C:/Users/ARAFA/.stm32cubemx/plugins/thirdparty/db/thirdparties_db.xml) [forced]
2023-07-30 07:49:05,765 [INFO] IntegrityCheckThread:76 - exiting critical section [integrity check]
2023-07-30 07:49:05,766 [INFO] IntegrityCheckThread:79 - End integrity checks thread
2023-07-30 07:49:06,080 [INFO] DbMcusJson:92 - JSON generation date=Tue Nov 16 18:17:54 EET 2021 (1637079474)
2023-07-30 07:49:07,112 [INFO] DbMcus:175 - Found 1761 MCUs (1722 are supported by CubeMX, 1911 are visible in CubeMX)
2023-07-30 07:49:07,113 [INFO] ApiDb:201 - Load user favorites file C:\Users\ARAFA/.stm32cubeide/favorites.mcus.txt: 0 item(s)
2023-07-30 07:49:07,113 [INFO] ApiDb:205 - User favorites MCUs=[]
2023-07-30 07:49:07,113 [INFO] DbMcus:187 - Set 0 / 0 favorites MCUs
2023-07-30 07:49:07,588 [INFO] LoadUrlFilesThread:162 - End of LoadServerUrlFiles without Thread
2023-07-30 07:49:07,606 [INFO] DetailPanel:331 - Set advertising image to C:/Users/ARAFA/STM32Cube/Repository/\stm32cubemx-promo_image.jpg
2023-07-30 07:49:08,035 [INFO] McuFilterPanel:245 - Update 0 favorites MCUs
2023-07-30 07:49:08,151 [INFO] DbBoardsPdsc:94 - Found 23 items
2023-07-30 07:49:08,167 [INFO] DbBoardsPdsc:94 - Found 9 items
2023-07-30 07:49:08,189 [INFO] DbBoardsPdsc:94 - Found 29 items
2023-07-30 07:49:08,205 [INFO] DbBoardsPdsc:94 - Found 1 items
2023-07-30 07:49:08,223 [INFO] DbBoardsPdsc:94 - Found 44 items
2023-07-30 07:49:08,245 [INFO] DbBoardsPdsc:94 - Found 40 items
2023-07-30 07:49:08,265 [INFO] DbBoardsPdsc:94 - Found 2 items
2023-07-30 07:49:08,278 [INFO] DbBoardsPdsc:94 - Found 4 items
2023-07-30 07:49:08,287 [WARN] DbBoardsPdsc:258 - Board STM32H7B3I-DK: unknown feature type=Audio, name=, username=Audio stereo codec with Headphone Amp (CS42L51-CNZ), n=1
2023-07-30 07:49:08,287 [WARN] DbBoardsPdsc:258 - Board STM32H735G-DK: unknown feature type=Audio, name=, username=Audio stereo codec with Headphone Amp (WM8994ECS/R), n=1
2023-07-30 07:49:08,290 [WARN] DbBoardsPdsc:258 - Board STM32H7B3I-EVAL: unknown feature type=Audio, name=, username=Multi-Channel Audio Codec (CS42L51-CNZ), n=1
2023-07-30 07:49:08,290 [WARN] DbBoardsPdsc:258 - Board STM32H7B3I-EVAL: unknown feature type=Meter, name=, username=Power-metering and Temperature-monitoring with sigma-delta modulators, n=1
2023-07-30 07:49:08,290 [WARN] DbBoardsPdsc:258 - Board STM32H7B3I-EVAL: unknown feature type=Motor, name=, username=Motor Control, n=1
2023-07-30 07:49:08,339 [INFO] DbBoardsJson:85 - JSON generation date=Tue Nov 16 18:17:54 EET 2021 (1637079474)
2023-07-30 07:49:08,351 [INFO] DbBoards:117 - Found 166 boards (149 are supported by CubeMX)
2023-07-30 07:49:08,369 [INFO] DbBoardsDocs:145 - JSON generation date=Tue Nov 16 18:17:54 EET 2021 (1637079474)
2023-07-30 07:49:08,378 [INFO] DbBoardsDocs:81 - Found 209 boards documents
2023-07-30 07:49:08,379 [WARN] DbBoards:127 - board B-L475E-IOT01A2 has no document id list !
2023-07-30 07:49:08,381 [WARN] DbBoards:127 - board NUCLEO-H743ZI has no document id list !
2023-07-30 07:49:08,383 [WARN] DbBoards:127 - board P-NUCLEO-WB55-Nucleo has no document id list !
2023-07-30 07:49:08,383 [WARN] DbBoards:127 - board P-NUCLEO-WB55-USBDongle has no document id list !
2023-07-30 07:49:08,383 [WARN] DbBoards:127 - board STEVAL-BFA001V1B has no document id list !
2023-07-30 07:49:08,383 [WARN] DbBoards:127 - board STEVAL-BFA001V2B has no document id list !
2023-07-30 07:49:08,384 [WARN] DbBoards:127 - board STEVAL-IDP005V1 has no document id list !
2023-07-30 07:49:08,384 [WARN] DbBoards:127 - board STEVAL-IDP005V2 has no document id list !
2023-07-30 07:49:08,384 [WARN] DbBoards:127 - board STEVAL-MKSBOX1V1 has no document id list !
2023-07-30 07:49:08,384 [WARN] DbBoards:127 - board STEVAL-STWINKT1 has no document id list !
2023-07-30 07:49:08,385 [WARN] DbBoards:127 - board STEVAL-STWINKT1B has no document id list !
2023-07-30 07:49:08,385 [WARN] DbBoards:127 - board STM32439I-EVAL2 has no document id list !
2023-07-30 07:49:08,386 [WARN] DbBoards:127 - board STM32F401C-DISCO has no document id list !
2023-07-30 07:49:08,387 [WARN] DbBoards:127 - board STM32F769I-DISC1 has no document id list !
2023-07-30 07:49:08,387 [WARN] DbBoards:127 - board STM32G474E-EVAL1 has no document id list !
2023-07-30 07:49:08,388 [WARN] DbBoards:127 - board STM32H743I-EVAL2 has no document id list !
2023-07-30 07:49:08,388 [WARN] DbBoards:127 - board STM32H747I-DISC1 has no document id list !
2023-07-30 07:49:08,389 [WARN] DbBoards:127 - board STM32H753I-EVAL2 has no document id list !
2023-07-30 07:49:08,389 [WARN] DbBoards:127 - board STM32L-DISCOVERY has no document id list !
2023-07-30 07:49:08,496 [ERROR] DbBoards:189 - Image file not found for board B-L462E-CELL1: C:\ST\STM32CubeIDE_1.4.0\STM32CubeIDE\plugins\com.st.stm32cube.common.mx_6.0.0.202007160824\\db\/plugins/mcufinder/images/boards/B-L462E-CELL1_small.jpg
2023-07-30 07:49:08,546 [ERROR] DbBoards:189 - Image file not found for board B-U585I-IOT02A: C:\ST\STM32CubeIDE_1.4.0\STM32CubeIDE\plugins\com.st.stm32cube.common.mx_6.0.0.202007160824\\db\/plugins/mcufinder/images/boards/B-U585I-IOT02A_small.jpg
2023-07-30 07:49:08,618 [ERROR] DbBoards:189 - Image file not found for board NUCLEO-F413ZH: C:\ST\STM32CubeIDE_1.4.0\STM32CubeIDE\plugins\com.st.stm32cube.common.mx_6.0.0.202007160824\\db\/plugins/mcufinder/images/boards/nucleo-f413zh_small.jpg
2023-07-30 07:49:08,755 [ERROR] DbBoards:189 - Image file not found for board NUCLEO-L552ZE-Q: C:\ST\STM32CubeIDE_1.4.0\STM32CubeIDE\plugins\com.st.stm32cube.common.mx_6.0.0.202007160824\\db\/plugins/mcufinder/images/boards/nucleo_l552ze_q_small.jpg
2023-07-30 07:49:08,755 [ERROR] DbBoards:189 - Image file not found for board NUCLEO-U575ZI-Q: C:\ST\STM32CubeIDE_1.4.0\STM32CubeIDE\plugins\com.st.stm32cube.common.mx_6.0.0.202007160824\\db\/plugins/mcufinder/images/boards/nucleo-u575zi-q_small.jpg
2023-07-30 07:49:08,755 [ERROR] DbBoards:189 - Image file not found for board NUCLEO-WB15CC: C:\ST\STM32CubeIDE_1.4.0\STM32CubeIDE\plugins\com.st.stm32cube.common.mx_6.0.0.202007160824\\db\/plugins/mcufinder/images/boards/nucleo-wb15cc_small.jpg
2023-07-30 07:49:08,756 [ERROR] DbBoards:189 - Image file not found for board NUCLEO-WB55RG: C:\ST\STM32CubeIDE_1.4.0\STM32CubeIDE\plugins\com.st.stm32cube.common.mx_6.0.0.202007160824\\db\/plugins/mcufinder/images/boards/nucleo-wb55rg_small.jpg
2023-07-30 07:49:08,756 [ERROR] DbBoards:189 - Image file not found for board NUCLEO-WL55JC: C:\ST\STM32CubeIDE_1.4.0\STM32CubeIDE\plugins\com.st.stm32cube.common.mx_6.0.0.202007160824\\db\/plugins/mcufinder/images/boards/nucleo-wl55jc-small.jpg
2023-07-30 07:49:08,914 [ERROR] DbBoards:189 - Image file not found for board STEVAL-STWINKT1B: C:\ST\STM32CubeIDE_1.4.0\STM32CubeIDE\plugins\com.st.stm32cube.common.mx_6.0.0.202007160824\\db\/plugins/mcufinder/images/boards/steval-stwinkt1b_small.jpg
2023-07-30 07:49:09,229 [ERROR] DbBoards:189 - Image file not found for board STM32G0C1E-EV: C:\ST\STM32CubeIDE_1.4.0\STM32CubeIDE\plugins\com.st.stm32cube.common.mx_6.0.0.202007160824\\db\/plugins/mcufinder/images/boards/stm32g0c1e-eval_small.jpg
2023-07-30 07:49:09,316 [ERROR] DbBoards:189 - Image file not found for board STM32H7B3I-EVAL: C:\ST\STM32CubeIDE_1.4.0\STM32CubeIDE\plugins\com.st.stm32cube.common.mx_6.0.0.202007160824\\db\/plugins/mcufinder/images/boards/stm32h7b3ieval_small.jpg
2023-07-30 07:49:09,488 [ERROR] DbBoards:189 - Image file not found for board STM32U575I-EV: C:\ST\STM32CubeIDE_1.4.0\STM32CubeIDE\plugins\com.st.stm32cube.common.mx_6.0.0.202007160824\\db\/plugins/mcufinder/images/boards/stm32u575i-ev_small.jpg
2023-07-30 07:49:09,518 [ERROR] DbBoards:189 - Image file not found for board STM32WB5MM-DK: C:\ST\STM32CubeIDE_1.4.0\STM32CubeIDE\plugins\com.st.stm32cube.common.mx_6.0.0.202007160824\\db\/plugins/mcufinder/images/boards/STM32WB5MM-DK_small.jpg
2023-07-30 07:49:09,519 [INFO] ApiDb:201 - Load user favorites file C:\Users\ARAFA/.stm32cubeide/favorites.boards.txt: 0 item(s)
2023-07-30 07:49:09,519 [INFO] ApiDb:205 - User favorites Boards=[]
2023-07-30 07:49:09,519 [INFO] DbBoards:206 - Set 0 / 0 favorites Boards
2023-07-30 07:49:27,903 [INFO] DbMcusDocs:145 - JSON generation date=Tue Nov 16 18:17:54 EET 2021 (1637079474)
2023-07-30 07:49:28,259 [INFO] DbMcusDocs:81 - Found 682 MCUs documents
2023-07-30 07:50:07,232 [INFO] LogOutputStream:76 - [STDOUT_REDIRECT] withoutVersionV1.8.4
2023-07-30 07:50:07,232 [INFO] LogOutputStream:76 - [STDOUT_REDIRECT] withoutVersionV1.8.3
2023-07-30 07:50:07,233 [INFO] LogOutputStream:76 - [STDOUT_REDIRECT] withoutVersionV1.8.2
2023-07-30 07:50:07,233 [INFO] LogOutputStream:76 - [STDOUT_REDIRECT] withoutVersionV1.8.1
2023-07-30 07:50:07,234 [INFO] LogOutputStream:76 - [STDOUT_REDIRECT] withoutVersionV1.8.0
2023-07-30 07:50:11,867 [INFO] ApiDb:226 - Save user favorites file C:\Users\ARAFA/.stm32cubeide/favorites.mcus.txt: 0 item(s)
2023-07-30 07:50:11,867 [INFO] ApiDb:230 - User favorites MCUs=[]
2023-07-30 07:51:17,130 [INFO] MainUpdater:2268 - connection check result : 10
2023-07-30 07:51:17,232 [INFO] McuFinderGlobals:40 - Set McuFinder mode to 2 (CubeIDE integrated)
2023-07-30 07:51:17,249 [INFO] CrossSelectorPresenter:1330 - Cross Selector saved comparison directory: C:\Users\ARAFA\.stmcufinder\plugins\mcufinder\mcu\cs_comparisons_mx
2023-07-30 07:51:17,251 [INFO] MultiScanPanel:193 - Auto-refresh data requested => check proxy status ongoing
2023-07-30 07:51:17,251 [INFO] FinderPluginLoader:87 - Searching for filters in installed packs
2023-07-30 07:51:17,453 [INFO] LoadUrlFilesThread:162 - End of LoadServerUrlFiles without Thread
2023-07-30 07:51:17,454 [INFO] DetailPanel:331 - Set advertising image to C:/Users/ARAFA/STM32Cube/Repository/\stm32cubemx-promo_image.jpg
2023-07-30 07:51:17,604 [INFO] McuFilterPanel:245 - Update 0 favorites MCUs
2023-07-30 07:51:19,564 [INFO] ApiDb:226 - Save user favorites file C:\Users\ARAFA/.stm32cubeide/favorites.mcus.txt: 0 item(s)
2023-07-30 07:51:19,564 [INFO] ApiDb:230 - User favorites MCUs=[]
2023-07-30 08:45:25,463 [INFO] RetryExec:97 - I/O exception (org.apache.http.NoHttpResponseException) caught when processing request to {s}->https://download.eclipse.org:443: The target server failed to respond
2023-07-30 08:45:25,463 [INFO] RetryExec:113 - Retrying request to {s}->https://download.eclipse.org:443
2023-07-30 08:45:26,259 [INFO] RetryExec:97 - I/O exception (org.apache.http.NoHttpResponseException) caught when processing request to {s}->https://archive.eclipse.org:443: The target server failed to respond
2023-07-30 08:45:26,259 [INFO] RetryExec:113 - Retrying request to {s}->https://archive.eclipse.org:443
2023-07-30 14:49:19,540 [INFO] Activator:178 - 


2023-07-30 14:49:19,546 [INFO] Activator:179 - !SESSION log4j initialized
2023-07-30 19:53:19,278 [INFO] Activator:178 - 


2023-07-30 19:53:19,307 [INFO] Activator:179 - !SESSION log4j initialized
2023-07-31 04:52:15,711 [INFO] Activator:178 - 


2023-07-31 04:52:15,742 [INFO] Activator:179 - !SESSION log4j initialized
2023-08-01 08:57:00,562 [INFO] Activator:178 - 


2023-08-01 08:57:00,593 [INFO] Activator:179 - !SESSION log4j initialized
2023-08-02 09:22:30,948 [INFO] Activator:178 - 


2023-08-02 09:22:30,952 [INFO] Activator:179 - !SESSION log4j initialized
2023-08-02 14:23:41,820 [INFO] Activator:178 - 


2023-08-02 14:23:41,820 [INFO] Activator:179 - !SESSION log4j initialized
2023-08-02 20:49:50,494 [INFO] Activator:178 - 


2023-08-02 20:49:50,541 [INFO] Activator:179 - !SESSION log4j initialized
2023-08-03 05:10:39,381 [INFO] Activator:178 - 


2023-08-03 05:10:39,428 [INFO] Activator:179 - !SESSION log4j initialized
2023-08-03 06:09:32,576 [INFO] Activator:178 - 


2023-08-03 06:09:32,580 [INFO] Activator:179 - !SESSION log4j initialized
